Log file open, 09/13/21 00:29:46
LogWindows: Failed to load 'aqProf.dll' (GetLastError=126)
LogWindows: File 'aqProf.dll' does not exist
LogWindows: Failed to load 'VtuneApi.dll' (GetLastError=126)
LogWindows: File 'VtuneApi.dll' does not exist
LogWindows: Failed to load 'VtuneApi32e.dll' (GetLastError=126)
LogWindows: File 'VtuneApi32e.dll' does not exist
LogConsoleResponse: Display: Failed to find resolution value strings in scalability ini. Falling back to default.
LogInit: Display: Running engine for game: MyProject3
LogPakFile: Registered encryption key '00000000000000000000000000000000': 0 pak files mounted, 0 remain pending
LogPlatformFile: Not using cached read wrapper
LogTaskGraph: Started task graph with 5 named threads and 23 total threads with 3 sets of task threads.
LogStats: Stats thread started at 0.368440
LogD3D11RHI: Loaded GFSDK_Aftermath_Lib.x64.dll
LogICUInternationalization: ICU TimeZone Detection - Raw Offset: +5:30, Platform Override: ''
LogPluginManager: Mounting plugin Paper2D
LogPluginManager: Mounting plugin AISupport
LogPluginManager: Mounting plugin LightPropagationVolume
LogPluginManager: Mounting plugin ActorLayerUtilities
LogPluginManager: Mounting plugin AnimationSharing
LogPluginManager: Mounting plugin CLionSourceCodeAccess
LogPluginManager: Mounting plugin CodeLiteSourceCodeAccess
LogPluginManager: Mounting plugin GitSourceControl
LogPluginManager: Mounting plugin KDevelopSourceCodeAccess
LogPluginManager: Mounting plugin NullSourceCodeAccess
LogPluginManager: Mounting plugin PerforceSourceControl
LogPluginManager: Mounting plugin SubversionSourceControl
LogPluginManager: Mounting plugin UObjectPlugin
LogPluginManager: Mounting plugin VisualStudioCodeSourceCodeAccess
LogPluginManager: Mounting plugin VisualStudioSourceCodeAccess
LogPluginManager: Mounting plugin XCodeSourceCodeAccess
LogPluginManager: Mounting plugin AssetManagerEditor
LogPluginManager: Mounting plugin CryptoKeys
LogPluginManager: Mounting plugin DataValidation
LogPluginManager: Mounting plugin FacialAnimation
LogPluginManager: Mounting plugin GameplayTagsEditor
LogPluginManager: Mounting plugin MacGraphicsSwitching
LogPluginManager: Mounting plugin MaterialAnalyzer
LogPluginManager: Mounting plugin MobileLauncherProfileWizard
LogPluginManager: Mounting plugin PluginBrowser
LogPluginManager: Mounting plugin SpeedTreeImporter
LogPluginManager: Mounting plugin DatasmithContent
LogPluginManager: Mounting plugin VariantManagerContent
LogPluginManager: Mounting plugin AlembicImporter
LogPluginManager: Mounting plugin AppleImageUtils
LogPluginManager: Mounting plugin AppleVision
LogPluginManager: Mounting plugin BackChannel
LogPluginManager: Mounting plugin CharacterAI
LogPluginManager: Mounting plugin GeometryCache
LogPluginManager: Mounting plugin HTML5Networking
LogPluginManager: Mounting plugin ProxyLODPlugin
LogPluginManager: Mounting plugin SkeletalReduction
LogPluginManager: Mounting plugin MagicLeap
LogPluginManager: Mounting plugin MagicLeapMedia
LogPluginManager: Mounting plugin AndroidMedia
LogPluginManager: Mounting plugin AvfMedia
LogPluginManager: Mounting plugin ImgMedia
LogPluginManager: Mounting plugin LinearTimecode
LogPluginManager: Mounting plugin MediaCompositing
LogPluginManager: Mounting plugin MediaPlayerEditor
LogPluginManager: Mounting plugin WebMMedia
LogPluginManager: Mounting plugin WmfMedia
LogPluginManager: Mounting plugin TcpMessaging
LogPluginManager: Mounting plugin UdpMessaging
LogPluginManager: Mounting plugin ActorSequence
LogPluginManager: Mounting plugin LevelSequenceEditor
LogPluginManager: Mounting plugin MatineeToLevelSequence
LogPluginManager: Mounting plugin NetcodeUnitTest
LogPluginManager: Mounting plugin NUTUnrealEngine4
LogPluginManager: Mounting plugin OnlineSubsystemGooglePlay
LogPluginManager: Mounting plugin OnlineSubsystemIOS
LogPluginManager: Mounting plugin OnlineSubsystem
LogPluginManager: Mounting plugin OnlineSubsystemNull
LogPluginManager: Mounting plugin OnlineSubsystemUtils
LogPluginManager: Mounting plugin LauncherChunkInstaller
LogPluginManager: Mounting plugin AndroidDeviceProfileSelector
LogPluginManager: Mounting plugin AndroidMoviePlayer
LogPluginManager: Mounting plugin AndroidPermission
LogPluginManager: Mounting plugin AppleMoviePlayer
LogPluginManager: Mounting plugin ArchVisCharacter
LogPluginManager: Mounting plugin AudioCapture
LogPluginManager: Mounting plugin CableComponent
LogPluginManager: Mounting plugin CustomMeshComponent
LogPluginManager: Mounting plugin EditableMesh
LogPluginManager: Mounting plugin ExampleDeviceProfileSelector
LogPluginManager: Mounting plugin Firebase
LogPluginManager: Mounting plugin GoogleCloudMessaging
LogPluginManager: Mounting plugin IOSDeviceProfileSelector
LogPluginManager: Mounting plugin LinuxDeviceProfileSelector
LogPluginManager: Mounting plugin LocationServicesBPLibrary
LogPluginManager: Mounting plugin MobilePatchingUtils
LogPluginManager: Mounting plugin OculusVR
LogPluginManager: Mounting plugin PhysXVehicles
LogPluginManager: Mounting plugin ProceduralMeshComponent
LogPluginManager: Mounting plugin RuntimePhysXCooking
LogPluginManager: Mounting plugin SignificanceManager
LogPluginManager: Mounting plugin SteamVR
LogPluginManager: Mounting plugin WebMMoviePlayer
LogPluginManager: Mounting plugin WindowsMoviePlayer
LogInit: Warning: Incompatible or missing module: MyProject3
Running E:/UE_4.22/Engine/Binaries/DotNET/UnrealBuildTool.exe Development Win64 -Project="C:/Users/zaid/Documents/MyProject3/MyProject3.uproject" -TargetType=Editor -Progress -NoHotReloadFromIDE
Creating makefile for MyProject3Editor (no existing makefile)
@progress push 5%
Parsing headers for MyProject3Editor
  Running UnrealHeaderTool "C:\Users\zaid\Documents\MyProject3\MyProject3.uproject" "C:\Users\zaid\Documents\MyProject3\Intermediate\Build\Win64\MyProject3Editor\Development\MyProject3Editor.uhtmanifest" -LogCmds="loginit warning, logexit warning, logdatabase error" -Unattended -WarningsAsErrors -installed
Reflection code generated for MyProject3Editor in 10.9957711 seconds
@progress pop
Using Visual Studio 2019 14.29.30037 toolchain (C:\Program Files (x86)\Microsoft Visual Studio\2019\Community\VC\Tools\MSVC\14.29.30037) and Windows 10.0.19041.0 SDK (C:\Program Files (x86)\Windows Kits\10).
Building 11 actions with 8 processes...
  @progress 'Compiling C++ source code...' 0%
  @progress 'Compiling C++ source code...' 9%
  [1/11] Default.rc2
  @progress 'Compiling C++ source code...' 18%
  [2/11] SharedPCH.Engine.cpp
  @progress 'Compiling C++ source code...' 27%
  [3/11] MyProject3.cpp
  @progress 'Compiling C++ source code...' 36%
  [4/11] Sun.cpp
  @progress 'Compiling C++ source code...' 45%
  [5/11] MyProject3.init.gen.cpp
  @progress 'Compiling C++ source code...' 55%
  [6/11] MyGameModeBase.cpp
  @progress 'Compiling C++ source code...' 64%
  [7/11] Sun.gen.cpp
  @progress 'Compiling C++ source code...' 73%
  [8/11] MyGameModeBase.gen.cpp
  @progress 'Compiling C++ source code...' 82%
  [9/11] UE4Editor-MyProject3.lib
     Creating library C:\Users\zaid\Documents\MyProject3\Intermediate\Build\Win64\UE4Editor\Development\MyProject3\UE4Editor-MyProject3.lib and object C:\Users\zaid\Documents\MyProject3\Intermediate\Build\Win64\UE4Editor\Development\MyProject3\UE4Editor-MyProject3.exp
  @progress 'Compiling C++ source code...' 91%
  [10/11] UE4Editor-MyProject3.dll
     Creating library C:\Users\zaid\Documents\MyProject3\Intermediate\Build\Win64\UE4Editor\Development\MyProject3\UE4Editor-MyProject3.suppressed.lib and object C:\Users\zaid\Documents\MyProject3\Intermediate\Build\Win64\UE4Editor\Development\MyProject3\UE4Editor-MyProject3.suppressed.exp
  @progress 'Compiling C++ source code...' 100%
  [11/11] MyProject3Editor.target
Total time in Parallel executor: 60.88 seconds
Total execution time: 128.11 seconds
LogInit: Using libcurl 7.55.1-DEV
LogInit:  - built for x86_64-pc-win32
LogInit:  - supports SSL with OpenSSL/1.1.1
LogInit:  - supports HTTP deflate (compression) using libz 1.2.8
LogInit:  - other features:
LogInit:      CURL_VERSION_SSL
LogInit:      CURL_VERSION_LIBZ
LogInit:      CURL_VERSION_IPV6
LogInit:      CURL_VERSION_ASYNCHDNS
LogInit:      CURL_VERSION_LARGEFILE
LogInit:      CURL_VERSION_IDN
LogInit:  CurlRequestOptions (configurable via config and command line):
LogInit:  - bVerifyPeer = true  - Libcurl will verify peer certificate
LogInit:  - bUseHttpProxy = false  - Libcurl will NOT use HTTP proxy
LogInit:  - bDontReuseConnections = false  - Libcurl will reuse connections
LogInit:  - MaxHostConnections = 16  - Libcurl will limit the number of connections to a host
LogInit:  - LocalHostAddr = Default
LogInit:  - BufferSize = 65536
LogInit: WinSock: version 1.1 (2.2), MaxSocks=32767, MaxUdp=65467
LogInit: Build: ++UE4+Release-4.22-CL-7053642
LogInit: Engine Version: 4.22.3-7053642+++UE4+Release-4.22
LogInit: Compatible Engine Version: 4.22.0-5660361+++UE4+Release-4.22
LogInit: Net CL: 5660361
LogInit: OS: Windows 10 (Release 2009) (), CPU: Intel(R) Core(TM) i5-8250U CPU @ 1.60GHz, GPU: Intel(R) UHD Graphics 620
LogInit: Compiled (64-bit): Jun 18 2019 03:09:11
LogInit: Compiled with Visual C++: 19.16.27025.01
LogInit: Build Configuration: Development
LogInit: Branch Name: ++UE4+Release-4.22
LogInit: Command Line: 
LogInit: Base Directory: E:/UE_4.22/Engine/Binaries/Win64/
LogInit: Installed Engine Build: 1
LogDevObjectVersion: Number of dev versions registered: 23
LogDevObjectVersion:   Dev-Blueprints (B0D832E4-1F89-4F0D-ACCF-7EB736FD4AA2): 10
LogDevObjectVersion:   Dev-Build (E1C64328-A22C-4D53-A36C-8E866417BD8C): 0
LogDevObjectVersion:   Dev-Core (375EC13C-06E4-48FB-B500-84F0262A717E): 3
LogDevObjectVersion:   Dev-Editor (E4B068ED-F494-42E9-A231-DA0B2E46BB41): 30
LogDevObjectVersion:   Dev-Framework (CFFC743F-43B0-4480-9391-14DF171D2073): 35
LogDevObjectVersion:   Dev-Mobile (B02B49B5-BB20-44E9-A304-32B752E40360): 2
LogDevObjectVersion:   Dev-Networking (A4E4105C-59A1-49B5-A7C5-40C4547EDFEE): 0
LogDevObjectVersion:   Dev-Online (39C831C9-5AE6-47DC-9A44-9C173E1C8E7C): 0
LogDevObjectVersion:   Dev-Physics (78F01B33-EBEA-4F98-B9B4-84EACCB95AA2): 0
LogDevObjectVersion:   Dev-Platform (6631380F-2D4D-43E0-8009-CF276956A95A): 0
LogDevObjectVersion:   Dev-Rendering (12F88B9F-8875-4AFC-A67C-D90C383ABD29): 28
LogDevObjectVersion:   Dev-Sequencer (7B5AE74C-D270-4C10-A958-57980B212A5A): 11
LogDevObjectVersion:   Dev-VR (D7296918-1DD6-4BDD-9DE2-64A83CC13884): 2
LogDevObjectVersion:   Dev-LoadTimes (C2A15278-BFE7-4AFE-6C17-90FF531DF755): 1
LogDevObjectVersion:   Private-Geometry (6EACA3D4-40EC-4CC1-B786-8BED09428FC5): 3
LogDevObjectVersion:   Dev-AnimPhys (29E575DD-E0A3-4627-9D10-D276232CDCEA): 17
LogDevObjectVersion:   Dev-Anim (AF43A65D-7FD3-4947-9873-3E8ED9C1BB05): 2
LogDevObjectVersion:   Dev-ReflectionCapture (6B266CEC-1EC7-4B8F-A30B-E4D90942FC07): 1
LogDevObjectVersion:   Dev-Automation (0DF73D61-A23F-47EA-B727-89E90C41499A): 1
LogDevObjectVersion:   FortniteMain (601D1886-AC64-4F84-AA16-D3DE0DEAC7D6): 25
LogDevObjectVersion:   Dev-Enterprise (9DFFBCD6-494F-0158-E221-12823C92A888): 6
LogDevObjectVersion:   Dev-Niagara (F2AED0AC-9AFE-416F-8664-AA7FFA26D6FC): 1
LogDevObjectVersion:   Dev-Destruction (174F1F0B-B4C6-45A5-B13F-2EE8D0FB917D): 2
LogInit: Presizing for max 16777216 objects, including 0 objects not considered by GC, pre-allocating 0 bytes for permanent pool.
LogInit: Object subsystem initialized
LogConfig: Setting CVar [[con.DebugEarlyDefault:1]]
LogConfig: Setting CVar [[r.setres:1280x720]]
[2021.09.12-19.02.02:361][  0]LogConfig: Setting CVar [[r.VSync:0]]
[2021.09.12-19.02.02:361][  0]LogConfig: Setting CVar [[r.RHICmdBypass:0]]
[2021.09.12-19.02.02:361][  0]LogConfig: Applying CVar settings from Section [/Script/Engine.RendererSettings] File [C:/Users/zaid/Documents/MyProject3/Saved/Config/Windows/Engine.ini]
[2021.09.12-19.02.02:361][  0]LogConfig: Setting CVar [[r.GPUCrashDebugging:0]]
[2021.09.12-19.02.02:361][  0]LogConfig: Setting CVar [[r.DefaultFeature.AutoExposure.ExtendDefaultLuminanceRange:1]]
[2021.09.12-19.02.02:361][  0]LogConfig: Setting CVar [[r.DefaultFeature.AutoExposure:1]]
[2021.09.12-19.02.02:361][  0]LogConfig: Applying CVar settings from Section [/Script/Engine.RendererOverrideSettings] File [C:/Users/zaid/Documents/MyProject3/Saved/Config/Windows/Engine.ini]
[2021.09.12-19.02.02:361][  0]LogConfig: Applying CVar settings from Section [/Script/Engine.StreamingSettings] File [C:/Users/zaid/Documents/MyProject3/Saved/Config/Windows/Engine.ini]
[2021.09.12-19.02.02:361][  0]LogConfig: Setting CVar [[s.MinBulkDataSizeForAsyncLoading:131072]]
[2021.09.12-19.02.02:361][  0]LogConfig: Setting CVar [[s.AsyncLoadingThreadEnabled:0]]
[2021.09.12-19.02.02:362][  0]LogConfig: Setting CVar [[s.EventDrivenLoaderEnabled:1]]
[2021.09.12-19.02.02:362][  0]LogConfig: Setting CVar [[s.WarnIfTimeLimitExceeded:0]]
[2021.09.12-19.02.02:362][  0]LogConfig: Setting CVar [[s.TimeLimitExceededMultiplier:1.5]]
[2021.09.12-19.02.02:362][  0]LogConfig: Setting CVar [[s.TimeLimitExceededMinTime:0.005]]
[2021.09.12-19.02.02:362][  0]LogConfig: Setting CVar [[s.UseBackgroundLevelStreaming:1]]
[2021.09.12-19.02.02:362][  0]LogConfig: Setting CVar [[s.PriorityAsyncLoadingExtraTime:15.0]]
[2021.09.12-19.02.02:362][  0]LogConfig: Setting CVar [[s.LevelStreamingActorsUpdateTimeLimit:5.0]]
[2021.09.12-19.02.02:362][  0]LogConfig: Setting CVar [[s.PriorityLevelStreamingActorsUpdateExtraTime:5.0]]
[2021.09.12-19.02.02:362][  0]LogConfig: Setting CVar [[s.LevelStreamingComponentsRegistrationGranularity:10]]
[2021.09.12-19.02.02:362][  0]LogConfig: Setting CVar [[s.UnregisterComponentsTimeLimit:1.0]]
[2021.09.12-19.02.02:362][  0]LogConfig: Setting CVar [[s.LevelStreamingComponentsUnregistrationGranularity:5]]
[2021.09.12-19.02.02:362][  0]LogConfig: Applying CVar settings from Section [/Script/Engine.GarbageCollectionSettings] File [C:/Users/zaid/Documents/MyProject3/Saved/Config/Windows/Engine.ini]
[2021.09.12-19.02.02:362][  0]LogConfig: Setting CVar [[gc.MaxObjectsNotConsideredByGC:1]]
[2021.09.12-19.02.02:362][  0]LogConfig: Setting CVar [[gc.SizeOfPermanentObjectPool:0]]
[2021.09.12-19.02.02:362][  0]LogConfig: Setting CVar [[gc.FlushStreamingOnGC:0]]
[2021.09.12-19.02.02:362][  0]LogConfig: Setting CVar [[gc.NumRetriesBeforeForcingGC:10]]
[2021.09.12-19.02.02:363][  0]LogConfig: Setting CVar [[gc.AllowParallelGC:1]]
[2021.09.12-19.02.02:363][  0]LogConfig: Setting CVar [[gc.TimeBetweenPurgingPendingKillObjects:61.1]]
[2021.09.12-19.02.02:363][  0]LogConfig: Setting CVar [[gc.MaxObjectsInEditor:16777216]]
[2021.09.12-19.02.02:363][  0]LogConfig: Setting CVar [[gc.IncrementalBeginDestroyEnabled:1]]
[2021.09.12-19.02.02:363][  0]LogConfig: Setting CVar [[gc.CreateGCClusters:1]]
[2021.09.12-19.02.02:363][  0]LogConfig: Setting CVar [[gc.MinGCClusterSize:5]]
[2021.09.12-19.02.02:363][  0]LogConfig: Setting CVar [[gc.ActorClusteringEnabled:0]]
[2021.09.12-19.02.02:363][  0]LogConfig: Setting CVar [[gc.BlueprintClusteringEnabled:0]]
[2021.09.12-19.02.02:363][  0]LogConfig: Setting CVar [[gc.UseDisregardForGCOnDedicatedServers:0]]
[2021.09.12-19.02.02:363][  0]LogConfig: Applying CVar settings from Section [/Script/Engine.NetworkSettings] File [C:/Users/zaid/Documents/MyProject3/Saved/Config/Windows/Engine.ini]
[2021.09.12-19.02.02:363][  0]LogConfig: Applying CVar settings from Section [/Script/UnrealEd.CookerSettings] File [C:/Users/zaid/Documents/MyProject3/Saved/Config/Windows/Engine.ini]
[2021.09.12-19.02.02:491][  0]LogConfig: Applying CVar settings from Section [ViewDistanceQuality@3] File [C:/Users/zaid/Documents/MyProject3/Saved/Config/Windows/Scalability.ini]
[2021.09.12-19.02.02:491][  0]LogConfig: Setting CVar [[r.SkeletalMeshLODBias:0]]
[2021.09.12-19.02.02:491][  0]LogConfig: Setting CVar [[r.ViewDistanceScale:1.0]]
[2021.09.12-19.02.02:491][  0]LogConfig: Applying CVar settings from Section [AntiAliasingQuality@3] File [C:/Users/zaid/Documents/MyProject3/Saved/Config/Windows/Scalability.ini]
[2021.09.12-19.02.02:491][  0]LogConfig: Setting CVar [[r.PostProcessAAQuality:4]]
[2021.09.12-19.02.02:491][  0]LogConfig: Applying CVar settings from Section [ShadowQuality@3] File [C:/Users/zaid/Documents/MyProject3/Saved/Config/Windows/Scalability.ini]
[2021.09.12-19.02.02:491][  0]LogConfig: Setting CVar [[r.LightFunctionQuality:1]]
[2021.09.12-19.02.02:491][  0]LogConfig: Setting CVar [[r.ShadowQuality:5]]
[2021.09.12-19.02.02:491][  0]LogConfig: Setting CVar [[r.Shadow.CSM.MaxCascades:10]]
[2021.09.12-19.02.02:491][  0]LogConfig: Setting CVar [[r.Shadow.MaxResolution:2048]]
[2021.09.12-19.02.02:491][  0]LogConfig: Setting CVar [[r.Shadow.MaxCSMResolution:2048]]
[2021.09.12-19.02.02:491][  0]LogConfig: Setting CVar [[r.Shadow.RadiusThreshold:0.01]]
[2021.09.12-19.02.02:492][  0]LogConfig: Setting CVar [[r.Shadow.DistanceScale:1.0]]
[2021.09.12-19.02.02:492][  0]LogConfig: Setting CVar [[r.Shadow.CSM.TransitionScale:1.0]]
[2021.09.12-19.02.02:492][  0]LogConfig: Setting CVar [[r.Shadow.PreShadowResolutionFactor:1.0]]
[2021.09.12-19.02.02:492][  0]LogConfig: Setting CVar [[r.DistanceFieldShadowing:1]]
[2021.09.12-19.02.02:492][  0]LogConfig: Setting CVar [[r.DistanceFieldAO:1]]
[2021.09.12-19.02.02:492][  0]LogConfig: Setting CVar [[r.AOQuality:2]]
[2021.09.12-19.02.02:492][  0]LogConfig: Setting CVar [[r.VolumetricFog:1]]
[2021.09.12-19.02.02:492][  0]LogConfig: Setting CVar [[r.VolumetricFog.GridPixelSize:8]]
[2021.09.12-19.02.02:492][  0]LogConfig: Setting CVar [[r.VolumetricFog.GridSizeZ:128]]
[2021.09.12-19.02.02:492][  0]LogConfig: Setting CVar [[r.VolumetricFog.HistoryMissSupersampleCount:4]]
[2021.09.12-19.02.02:492][  0]LogConfig: Setting CVar [[r.LightMaxDrawDistanceScale:1]]
[2021.09.12-19.02.02:492][  0]LogConfig: Setting CVar [[r.CapsuleShadows:1]]
[2021.09.12-19.02.02:492][  0]LogConfig: Applying CVar settings from Section [PostProcessQuality@3] File [C:/Users/zaid/Documents/MyProject3/Saved/Config/Windows/Scalability.ini]
[2021.09.12-19.02.02:492][  0]LogConfig: Setting CVar [[r.MotionBlurQuality:4]]
[2021.09.12-19.02.02:492][  0]LogConfig: Setting CVar [[r.AmbientOcclusionMipLevelFactor:0.4]]
[2021.09.12-19.02.02:492][  0]LogConfig: Setting CVar [[r.AmbientOcclusionMaxQuality:100]]
[2021.09.12-19.02.02:492][  0]LogConfig: Setting CVar [[r.AmbientOcclusionLevels:-1]]
[2021.09.12-19.02.02:492][  0]LogConfig: Setting CVar [[r.AmbientOcclusionRadiusScale:1.0]]
[2021.09.12-19.02.02:492][  0]LogConfig: Setting CVar [[r.DepthOfFieldQuality:2]]
[2021.09.12-19.02.02:492][  0]LogConfig: Setting CVar [[r.RenderTargetPoolMin:400]]
[2021.09.12-19.02.02:492][  0]LogConfig: Setting CVar [[r.LensFlareQuality:2]]
[2021.09.12-19.02.02:492][  0]LogConfig: Setting CVar [[r.SceneColorFringeQuality:1]]
[2021.09.12-19.02.02:492][  0]LogConfig: Setting CVar [[r.EyeAdaptationQuality:2]]
[2021.09.12-19.02.02:492][  0]LogConfig: Setting CVar [[r.BloomQuality:5]]
[2021.09.12-19.02.02:492][  0]LogConfig: Setting CVar [[r.FastBlurThreshold:100]]
[2021.09.12-19.02.02:492][  0]LogConfig: Setting CVar [[r.Upscale.Quality:3]]
[2021.09.12-19.02.02:492][  0]LogConfig: Setting CVar [[r.Tonemapper.GrainQuantization:1]]
[2021.09.12-19.02.02:492][  0]LogConfig: Setting CVar [[r.LightShaftQuality:1]]
[2021.09.12-19.02.02:492][  0]LogConfig: Setting CVar [[r.Filter.SizeScale:1]]
[2021.09.12-19.02.02:492][  0]LogConfig: Setting CVar [[r.Tonemapper.Quality:5]]
[2021.09.12-19.02.02:492][  0]LogConfig: Setting CVar [[r.DOF.Gather.AccumulatorQuality:1        ; higher gathering accumulator quality]]
[2021.09.12-19.02.02:492][  0]LogConfig: Setting CVar [[r.DOF.Gather.PostfilterMethod:1          ; Median3x3 postfilering method]]
[2021.09.12-19.02.02:492][  0]LogConfig: Setting CVar [[r.DOF.Gather.EnableBokehSettings:0       ; no bokeh simulation when gathering]]
[2021.09.12-19.02.02:492][  0]LogConfig: Setting CVar [[r.DOF.Gather.RingCount:4                 ; medium number of samples when gathering]]
[2021.09.12-19.02.02:492][  0]LogConfig: Setting CVar [[r.DOF.Scatter.ForegroundCompositing:1    ; additive foreground scattering]]
[2021.09.12-19.02.02:492][  0]LogConfig: Setting CVar [[r.DOF.Scatter.BackgroundCompositing:2    ; additive background scattering]]
[2021.09.12-19.02.02:492][  0]LogConfig: Setting CVar [[r.DOF.Scatter.EnableBokehSettings:1      ; bokeh simulation when scattering]]
[2021.09.12-19.02.02:492][  0]LogConfig: Setting CVar [[r.DOF.Scatter.MaxSpriteRatio:0.1         ; only a maximum of 10% of scattered bokeh]]
[2021.09.12-19.02.02:492][  0]LogConfig: Setting CVar [[r.DOF.Recombine.Quality:1                ; cheap slight out of focus]]
[2021.09.12-19.02.02:492][  0]LogConfig: Setting CVar [[r.DOF.Recombine.EnableBokehSettings:0    ; no bokeh simulation on slight out of focus]]
[2021.09.12-19.02.02:492][  0]LogConfig: Setting CVar [[r.DOF.TemporalAAQuality:1                ; more stable temporal accumulation]]
[2021.09.12-19.02.02:492][  0]LogConfig: Setting CVar [[r.DOF.Kernel.MaxForegroundRadius:0.025]]
[2021.09.12-19.02.02:492][  0]LogConfig: Setting CVar [[r.DOF.Kernel.MaxBackgroundRadius:0.025]]
[2021.09.12-19.02.02:492][  0]LogConfig: Applying CVar settings from Section [TextureQuality@3] File [C:/Users/zaid/Documents/MyProject3/Saved/Config/Windows/Scalability.ini]
[2021.09.12-19.02.02:492][  0]LogConfig: Setting CVar [[r.Streaming.MipBias:0]]
[2021.09.12-19.02.02:492][  0]LogConfig: Setting CVar [[r.Streaming.AmortizeCPUToGPUCopy:0]]
[2021.09.12-19.02.02:492][  0]LogConfig: Setting CVar [[r.Streaming.MaxNumTexturesToStreamPerFrame:0]]
[2021.09.12-19.02.02:492][  0]LogConfig: Setting CVar [[r.Streaming.Boost:1]]
[2021.09.12-19.02.02:492][  0]LogConfig: Setting CVar [[r.MaxAnisotropy:8]]
[2021.09.12-19.02.02:492][  0]LogConfig: Setting CVar [[r.Streaming.LimitPoolSizeToVRAM:0]]
[2021.09.12-19.02.02:492][  0]LogConfig: Setting CVar [[r.Streaming.PoolSize:1000]]
[2021.09.12-19.02.02:492][  0]LogConfig: Setting CVar [[r.Streaming.MaxEffectiveScreenSize:0]]
[2021.09.12-19.02.02:492][  0]LogConfig: Applying CVar settings from Section [EffectsQuality@3] File [C:/Users/zaid/Documents/MyProject3/Saved/Config/Windows/Scalability.ini]
[2021.09.12-19.02.02:492][  0]LogConfig: Setting CVar [[r.TranslucencyLightingVolumeDim:64]]
[2021.09.12-19.02.02:492][  0]LogConfig: Setting CVar [[r.RefractionQuality:2]]
[2021.09.12-19.02.02:492][  0]LogConfig: Setting CVar [[r.SSR.Quality:3]]
[2021.09.12-19.02.02:492][  0]LogConfig: Setting CVar [[r.SceneColorFormat:4]]
[2021.09.12-19.02.02:492][  0]LogConfig: Setting CVar [[r.DetailMode:2]]
[2021.09.12-19.02.02:492][  0]LogConfig: Setting CVar [[r.TranslucencyVolumeBlur:1]]
[2021.09.12-19.02.02:492][  0]LogConfig: Setting CVar [[r.MaterialQualityLevel:1 ; High quality]]
[2021.09.12-19.02.02:492][  0]LogConfig: Setting CVar [[r.SSS.Scale:1]]
[2021.09.12-19.02.02:492][  0]LogConfig: Setting CVar [[r.SSS.SampleSet:2]]
[2021.09.12-19.02.02:492][  0]LogConfig: Setting CVar [[r.SSS.Quality:1]]
[2021.09.12-19.02.02:492][  0]LogConfig: Setting CVar [[r.SSS.HalfRes:1]]
[2021.09.12-19.02.02:493][  0]LogConfig: Setting CVar [[r.EmitterSpawnRateScale:1.0]]
[2021.09.12-19.02.02:493][  0]LogConfig: Setting CVar [[r.ParticleLightQuality:2]]
[2021.09.12-19.02.02:493][  0]LogConfig: Applying CVar settings from Section [FoliageQuality@3] File [C:/Users/zaid/Documents/MyProject3/Saved/Config/Windows/Scalability.ini]
[2021.09.12-19.02.02:493][  0]LogConfig: Setting CVar [[foliage.DensityScale:1.0]]
[2021.09.12-19.02.02:493][  0]LogConfig: Setting CVar [[grass.DensityScale:1.0]]
[2021.09.12-19.02.02:498][  0]LogInit: Selected Device Profile: [Windows]
[2021.09.12-19.02.02:498][  0]LogInit: Applying CVar settings loaded from the selected device profile: [Windows]
[2021.09.12-19.02.02:623][  0]LogHAL: Display: Platform has ~ 8 GB [8470630400 / 8589934592 / 8], which maps to Default [LargestMinGB=32, LargerMinGB=12, DefaultMinGB=8, SmallerMinGB=6, SmallestMinGB=0)
[2021.09.12-19.02.02:623][  0]LogConfig: Setting CVar [[r.Vulkan.UseRealUBs:0		; Required until we fix HLR fall-out]]
[2021.09.12-19.02.02:623][  0]LogInit: Going up to parent DeviceProfile []
[2021.09.12-19.02.02:623][  0]LogConfig: Applying CVar settings from Section [ViewDistanceQuality@3] File [C:/Users/zaid/Documents/MyProject3/Saved/Config/Windows/Scalability.ini]
[2021.09.12-19.02.02:623][  0]LogConfig: Setting CVar [[r.SkeletalMeshLODBias:0]]
[2021.09.12-19.02.02:623][  0]LogConfig: Setting CVar [[r.ViewDistanceScale:1.0]]
[2021.09.12-19.02.02:623][  0]LogConfig: Applying CVar settings from Section [AntiAliasingQuality@3] File [C:/Users/zaid/Documents/MyProject3/Saved/Config/Windows/Scalability.ini]
[2021.09.12-19.02.02:623][  0]LogConfig: Setting CVar [[r.PostProcessAAQuality:4]]
[2021.09.12-19.02.02:623][  0]LogConfig: Applying CVar settings from Section [ShadowQuality@3] File [C:/Users/zaid/Documents/MyProject3/Saved/Config/Windows/Scalability.ini]
[2021.09.12-19.02.02:623][  0]LogConfig: Setting CVar [[r.LightFunctionQuality:1]]
[2021.09.12-19.02.02:623][  0]LogConfig: Setting CVar [[r.ShadowQuality:5]]
[2021.09.12-19.02.02:623][  0]LogConfig: Setting CVar [[r.Shadow.CSM.MaxCascades:10]]
[2021.09.12-19.02.02:623][  0]LogConfig: Setting CVar [[r.Shadow.MaxResolution:2048]]
[2021.09.12-19.02.02:623][  0]LogConfig: Setting CVar [[r.Shadow.MaxCSMResolution:2048]]
[2021.09.12-19.02.02:623][  0]LogConfig: Setting CVar [[r.Shadow.RadiusThreshold:0.01]]
[2021.09.12-19.02.02:623][  0]LogConfig: Setting CVar [[r.Shadow.DistanceScale:1.0]]
[2021.09.12-19.02.02:623][  0]LogConfig: Setting CVar [[r.Shadow.CSM.TransitionScale:1.0]]
[2021.09.12-19.02.02:623][  0]LogConfig: Setting CVar [[r.Shadow.PreShadowResolutionFactor:1.0]]
[2021.09.12-19.02.02:623][  0]LogConfig: Setting CVar [[r.DistanceFieldShadowing:1]]
[2021.09.12-19.02.02:623][  0]LogConfig: Setting CVar [[r.DistanceFieldAO:1]]
[2021.09.12-19.02.02:623][  0]LogConfig: Setting CVar [[r.AOQuality:2]]
[2021.09.12-19.02.02:623][  0]LogConfig: Setting CVar [[r.VolumetricFog:1]]
[2021.09.12-19.02.02:623][  0]LogConfig: Setting CVar [[r.VolumetricFog.GridPixelSize:8]]
[2021.09.12-19.02.02:624][  0]LogConfig: Setting CVar [[r.VolumetricFog.GridSizeZ:128]]
[2021.09.12-19.02.02:624][  0]LogConfig: Setting CVar [[r.VolumetricFog.HistoryMissSupersampleCount:4]]
[2021.09.12-19.02.02:624][  0]LogConfig: Setting CVar [[r.LightMaxDrawDistanceScale:1]]
[2021.09.12-19.02.02:624][  0]LogConfig: Setting CVar [[r.CapsuleShadows:1]]
[2021.09.12-19.02.02:624][  0]LogConfig: Applying CVar settings from Section [PostProcessQuality@3] File [C:/Users/zaid/Documents/MyProject3/Saved/Config/Windows/Scalability.ini]
[2021.09.12-19.02.02:624][  0]LogConfig: Setting CVar [[r.MotionBlurQuality:4]]
[2021.09.12-19.02.02:624][  0]LogConfig: Setting CVar [[r.AmbientOcclusionMipLevelFactor:0.4]]
[2021.09.12-19.02.02:624][  0]LogConfig: Setting CVar [[r.AmbientOcclusionMaxQuality:100]]
[2021.09.12-19.02.02:624][  0]LogConfig: Setting CVar [[r.AmbientOcclusionLevels:-1]]
[2021.09.12-19.02.02:624][  0]LogConfig: Setting CVar [[r.AmbientOcclusionRadiusScale:1.0]]
[2021.09.12-19.02.02:624][  0]LogConfig: Setting CVar [[r.DepthOfFieldQuality:2]]
[2021.09.12-19.02.02:624][  0]LogConfig: Setting CVar [[r.RenderTargetPoolMin:400]]
[2021.09.12-19.02.02:624][  0]LogConfig: Setting CVar [[r.LensFlareQuality:2]]
[2021.09.12-19.02.02:624][  0]LogConfig: Setting CVar [[r.SceneColorFringeQuality:1]]
[2021.09.12-19.02.02:624][  0]LogConfig: Setting CVar [[r.EyeAdaptationQuality:2]]
[2021.09.12-19.02.02:624][  0]LogConfig: Setting CVar [[r.BloomQuality:5]]
[2021.09.12-19.02.02:624][  0]LogConfig: Setting CVar [[r.FastBlurThreshold:100]]
[2021.09.12-19.02.02:624][  0]LogConfig: Setting CVar [[r.Upscale.Quality:3]]
[2021.09.12-19.02.02:624][  0]LogConfig: Setting CVar [[r.Tonemapper.GrainQuantization:1]]
[2021.09.12-19.02.02:624][  0]LogConfig: Setting CVar [[r.LightShaftQuality:1]]
[2021.09.12-19.02.02:624][  0]LogConfig: Setting CVar [[r.Filter.SizeScale:1]]
[2021.09.12-19.02.02:624][  0]LogConfig: Setting CVar [[r.Tonemapper.Quality:5]]
[2021.09.12-19.02.02:624][  0]LogConfig: Setting CVar [[r.DOF.Gather.AccumulatorQuality:1        ; higher gathering accumulator quality]]
[2021.09.12-19.02.02:624][  0]LogConfig: Setting CVar [[r.DOF.Gather.PostfilterMethod:1          ; Median3x3 postfilering method]]
[2021.09.12-19.02.02:624][  0]LogConfig: Setting CVar [[r.DOF.Gather.EnableBokehSettings:0       ; no bokeh simulation when gathering]]
[2021.09.12-19.02.02:624][  0]LogConfig: Setting CVar [[r.DOF.Gather.RingCount:4                 ; medium number of samples when gathering]]
[2021.09.12-19.02.02:624][  0]LogConfig: Setting CVar [[r.DOF.Scatter.ForegroundCompositing:1    ; additive foreground scattering]]
[2021.09.12-19.02.02:624][  0]LogConfig: Setting CVar [[r.DOF.Scatter.BackgroundCompositing:2    ; additive background scattering]]
[2021.09.12-19.02.02:624][  0]LogConfig: Setting CVar [[r.DOF.Scatter.EnableBokehSettings:1      ; bokeh simulation when scattering]]
[2021.09.12-19.02.02:624][  0]LogConfig: Setting CVar [[r.DOF.Scatter.MaxSpriteRatio:0.1         ; only a maximum of 10% of scattered bokeh]]
[2021.09.12-19.02.02:624][  0]LogConfig: Setting CVar [[r.DOF.Recombine.Quality:1                ; cheap slight out of focus]]
[2021.09.12-19.02.02:624][  0]LogConfig: Setting CVar [[r.DOF.Recombine.EnableBokehSettings:0    ; no bokeh simulation on slight out of focus]]
[2021.09.12-19.02.02:624][  0]LogConfig: Setting CVar [[r.DOF.TemporalAAQuality:1                ; more stable temporal accumulation]]
[2021.09.12-19.02.02:624][  0]LogConfig: Setting CVar [[r.DOF.Kernel.MaxForegroundRadius:0.025]]
[2021.09.12-19.02.02:624][  0]LogConfig: Setting CVar [[r.DOF.Kernel.MaxBackgroundRadius:0.025]]
[2021.09.12-19.02.02:624][  0]LogConfig: Applying CVar settings from Section [TextureQuality@3] File [C:/Users/zaid/Documents/MyProject3/Saved/Config/Windows/Scalability.ini]
[2021.09.12-19.02.02:624][  0]LogConfig: Setting CVar [[r.Streaming.MipBias:0]]
[2021.09.12-19.02.02:624][  0]LogConfig: Setting CVar [[r.Streaming.AmortizeCPUToGPUCopy:0]]
[2021.09.12-19.02.02:624][  0]LogConfig: Setting CVar [[r.Streaming.MaxNumTexturesToStreamPerFrame:0]]
[2021.09.12-19.02.02:624][  0]LogConfig: Setting CVar [[r.Streaming.Boost:1]]
[2021.09.12-19.02.02:624][  0]LogConfig: Setting CVar [[r.MaxAnisotropy:8]]
[2021.09.12-19.02.02:625][  0]LogConfig: Setting CVar [[r.Streaming.LimitPoolSizeToVRAM:0]]
[2021.09.12-19.02.02:625][  0]LogConfig: Setting CVar [[r.Streaming.PoolSize:1000]]
[2021.09.12-19.02.02:625][  0]LogConfig: Setting CVar [[r.Streaming.MaxEffectiveScreenSize:0]]
[2021.09.12-19.02.02:625][  0]LogConfig: Applying CVar settings from Section [EffectsQuality@3] File [C:/Users/zaid/Documents/MyProject3/Saved/Config/Windows/Scalability.ini]
[2021.09.12-19.02.02:625][  0]LogConfig: Setting CVar [[r.TranslucencyLightingVolumeDim:64]]
[2021.09.12-19.02.02:625][  0]LogConfig: Setting CVar [[r.RefractionQuality:2]]
[2021.09.12-19.02.02:625][  0]LogConfig: Setting CVar [[r.SSR.Quality:3]]
[2021.09.12-19.02.02:625][  0]LogConfig: Setting CVar [[r.SceneColorFormat:4]]
[2021.09.12-19.02.02:625][  0]LogConfig: Setting CVar [[r.DetailMode:2]]
[2021.09.12-19.02.02:625][  0]LogConfig: Setting CVar [[r.TranslucencyVolumeBlur:1]]
[2021.09.12-19.02.02:625][  0]LogConfig: Setting CVar [[r.MaterialQualityLevel:1 ; High quality]]
[2021.09.12-19.02.02:625][  0]LogConfig: Setting CVar [[r.SSS.Scale:1]]
[2021.09.12-19.02.02:625][  0]LogConfig: Setting CVar [[r.SSS.SampleSet:2]]
[2021.09.12-19.02.02:625][  0]LogConfig: Setting CVar [[r.SSS.Quality:1]]
[2021.09.12-19.02.02:625][  0]LogConfig: Setting CVar [[r.SSS.HalfRes:1]]
[2021.09.12-19.02.02:625][  0]LogConfig: Setting CVar [[r.EmitterSpawnRateScale:1.0]]
[2021.09.12-19.02.02:625][  0]LogConfig: Setting CVar [[r.ParticleLightQuality:2]]
[2021.09.12-19.02.02:625][  0]LogConfig: Applying CVar settings from Section [FoliageQuality@3] File [C:/Users/zaid/Documents/MyProject3/Saved/Config/Windows/Scalability.ini]
[2021.09.12-19.02.02:625][  0]LogConfig: Setting CVar [[foliage.DensityScale:1.0]]
[2021.09.12-19.02.02:625][  0]LogConfig: Setting CVar [[grass.DensityScale:1.0]]
[2021.09.12-19.02.02:625][  0]LogConfig: Applying CVar settings from Section [Startup] File [../../../Engine/Config/ConsoleVariables.ini]
[2021.09.12-19.02.02:625][  0]LogConfig: Setting CVar [[net.UseAdaptiveNetUpdateFrequency:0]]
[2021.09.12-19.02.02:625][  0]LogConfig: Setting CVar [[p.chaos.AllowCreatePhysxBodies:1]]
[2021.09.12-19.02.02:625][  0]LogConfig: Applying CVar settings from Section [ConsoleVariables] File [C:/Users/zaid/Documents/MyProject3/Saved/Config/Windows/Engine.ini]
[2021.09.12-19.02.02:688][  0]LogInit: Computer: DESKTOP-7JJEU5E
[2021.09.12-19.02.02:688][  0]LogInit: User: zaid
[2021.09.12-19.02.02:688][  0]LogInit: CPU Page size=4096, Cores=4
[2021.09.12-19.02.02:688][  0]LogInit: High frequency timer resolution =10.000000 MHz
[2021.09.12-19.02.02:689][  0]LogMemory: Memory total: Physical=7.9GB (8GB approx)
[2021.09.12-19.02.02:696][  0]LogMemory: Platform Memory Stats for Windows
[2021.09.12-19.02.02:696][  0]LogMemory: Process Physical Memory: 102.51 MB used, 102.51 MB peak
[2021.09.12-19.02.02:696][  0]LogMemory: Process Virtual Memory: 92.92 MB used, 92.92 MB peak
[2021.09.12-19.02.02:696][  0]LogMemory: Physical Memory: 4647.28 MB used,  3430.94 MB free, 8078.22 MB total
[2021.09.12-19.02.02:696][  0]LogMemory: Virtual Memory: 4692.99 MB used,  134213032.00 MB free, 134217728.00 MB total
[2021.09.12-19.02.03:609][  0]LogInit: Using OS detected language (en-GB).
[2021.09.12-19.02.03:609][  0]LogInit: Using OS detected locale (en-US).
[2021.09.12-19.02.03:649][  0]LogTextLocalizationManager: No specific localization for 'en-GB' exists, so the 'en' localization will be used.
[2021.09.12-19.02.05:012][  0]LogInit: Setting process to per monitor DPI aware
[2021.09.12-19.02.06:152][  0]LogSlate: New Slate User Created.  User Index 0, Is Virtual User: 0
[2021.09.12-19.02.06:152][  0]LogSlate: Slate User Registered.  User Index 0, Is Virtual User: 0
[2021.09.12-19.02.07:830][  0]LogHMD: Failed to initialize OpenVR with code 110
[2021.09.12-19.02.07:830][  0]LogD3D11RHI: D3D11 adapters:
[2021.09.12-19.02.08:240][  0]LogD3D11RHI:    0. 'NVIDIA GeForce 940MX' (Feature Level 11_0)
[2021.09.12-19.02.08:240][  0]LogD3D11RHI:       2010/0/4039 MB DedicatedVideo/DedicatedSystem/SharedSystem, Outputs:1, VendorId:0x10de
[2021.09.12-19.02.08:296][  0]LogD3D11RHI:    1. 'Intel(R) UHD Graphics 620' (Feature Level 11_0)
[2021.09.12-19.02.08:296][  0]LogD3D11RHI:       128/0/4039 MB DedicatedVideo/DedicatedSystem/SharedSystem, Outputs:0, VendorId:0x8086
[2021.09.12-19.02.08:319][  0]LogD3D11RHI:    2. 'Microsoft Basic Render Driver' (Feature Level 11_0)
[2021.09.12-19.02.08:319][  0]LogD3D11RHI:       0/0/4039 MB DedicatedVideo/DedicatedSystem/SharedSystem, Outputs:0, VendorId:0x1414
[2021.09.12-19.02.08:319][  0]LogD3D11RHI: Chosen D3D11 Adapter: 0
[2021.09.12-19.02.08:324][  0]LogD3D11RHI: Creating new Direct3DDevice
[2021.09.12-19.02.08:324][  0]LogD3D11RHI:     GPU DeviceId: 0x134d (for the marketing name, search the web for "GPU Device Id")
[2021.09.12-19.02.08:341][  0]LogWindows: EnumDisplayDevices:
[2021.09.12-19.02.08:342][  0]LogWindows:    0. 'Intel(R) UHD Graphics 620' (P:1 D:1)
[2021.09.12-19.02.08:342][  0]LogWindows:    1. 'Intel(R) UHD Graphics 620' (P:0 D:0)
[2021.09.12-19.02.08:343][  0]LogWindows:    2. 'Intel(R) UHD Graphics 620' (P:0 D:0)
[2021.09.12-19.02.08:343][  0]LogWindows: DebugString: PrimaryIsNotTheChoosenAdapter PrimaryIsNotTheChoosenAdapter PrimaryIsNotTheChoosenAdapter FoundDriverCount:0 
[2021.09.12-19.02.08:343][  0]LogD3D11RHI:     Adapter Name: NVIDIA GeForce 940MX
[2021.09.12-19.02.08:343][  0]LogD3D11RHI:   Driver Version: Unknown (internal:Unknown, unified:Unknown)
[2021.09.12-19.02.08:343][  0]LogD3D11RHI:      Driver Date: Unknown
[2021.09.12-19.02.08:343][  0]LogRHI: Texture pool is 1407 MB (70% of 2010 MB)
[2021.09.12-19.02.08:501][  0]LogD3D11RHI: Async texture creation enabled
[2021.09.12-19.02.08:583][  0]LogRendererCore: FGlobalReadBuffer::InitRHI
[2021.09.12-19.02.08:604][  0]LogRendererCore: FGlobalReadBuffer::InitRHI
[2021.09.12-19.02.08:604][  0]LogRendererCore: FGlobalReadBuffer::InitRHI
[2021.09.12-19.02.08:704][  0]LogD3D11RHI: GPU Timing Frequency: 1000.000000 (Debug: 2 6)
[2021.09.12-19.02.09:310][  0]LogTemp: Display: Module 'AllDesktopTargetPlatform' loaded TargetPlatform 'AllDesktop'
[2021.09.12-19.02.09:334][  0]LogTemp: Display: Module 'MacClientTargetPlatform' loaded TargetPlatform 'MacClient'
[2021.09.12-19.02.09:495][  0]LogTemp: Display: Module 'MacNoEditorTargetPlatform' loaded TargetPlatform 'MacNoEditor'
[2021.09.12-19.02.09:511][  0]LogTemp: Display: Module 'MacServerTargetPlatform' loaded TargetPlatform 'MacServer'
[2021.09.12-19.02.09:570][  0]LogTemp: Display: Module 'MacTargetPlatform' loaded TargetPlatform 'Mac'
[2021.09.12-19.02.09:618][  0]LogTemp: Display: Module 'WindowsClientTargetPlatform' loaded TargetPlatform 'WindowsClient'
[2021.09.12-19.02.09:652][  0]LogTemp: Display: Module 'WindowsNoEditorTargetPlatform' loaded TargetPlatform 'WindowsNoEditor'
[2021.09.12-19.02.09:669][  0]LogTemp: Display: Module 'WindowsServerTargetPlatform' loaded TargetPlatform 'WindowsServer'
[2021.09.12-19.02.10:031][  0]LogTemp: Display: Module 'WindowsTargetPlatform' loaded TargetPlatform 'Windows'
[2021.09.12-19.02.10:179][  0]LogTemp: Display: Module 'AndroidTargetPlatform' loaded TargetPlatform 'Android'
[2021.09.12-19.02.10:179][  0]LogTemp: Display: Module 'AndroidTargetPlatform' loaded TargetPlatform 'Android_ASTC'
[2021.09.12-19.02.10:179][  0]LogTemp: Display: Module 'AndroidTargetPlatform' loaded TargetPlatform 'Android_ATC'
[2021.09.12-19.02.10:179][  0]LogTemp: Display: Module 'AndroidTargetPlatform' loaded TargetPlatform 'Android_DXT'
[2021.09.12-19.02.10:179][  0]LogTemp: Display: Module 'AndroidTargetPlatform' loaded TargetPlatform 'Android_ETC1'
[2021.09.12-19.02.10:179][  0]LogTemp: Display: Module 'AndroidTargetPlatform' loaded TargetPlatform 'Android_ETC1a'
[2021.09.12-19.02.10:180][  0]LogTemp: Display: Module 'AndroidTargetPlatform' loaded TargetPlatform 'Android_ETC2'
[2021.09.12-19.02.10:180][  0]LogTemp: Display: Module 'AndroidTargetPlatform' loaded TargetPlatform 'Android_PVRTC'
[2021.09.12-19.02.10:180][  0]LogTemp: Display: Module 'AndroidTargetPlatform' loaded TargetPlatform 'AndroidClient'
[2021.09.12-19.02.10:180][  0]LogTemp: Display: Module 'AndroidTargetPlatform' loaded TargetPlatform 'Android_ASTCClient'
[2021.09.12-19.02.10:180][  0]LogTemp: Display: Module 'AndroidTargetPlatform' loaded TargetPlatform 'Android_ATCClient'
[2021.09.12-19.02.10:180][  0]LogTemp: Display: Module 'AndroidTargetPlatform' loaded TargetPlatform 'Android_DXTClient'
[2021.09.12-19.02.10:180][  0]LogTemp: Display: Module 'AndroidTargetPlatform' loaded TargetPlatform 'Android_ETC1Client'
[2021.09.12-19.02.10:180][  0]LogTemp: Display: Module 'AndroidTargetPlatform' loaded TargetPlatform 'Android_ETC1aClient'
[2021.09.12-19.02.10:180][  0]LogTemp: Display: Module 'AndroidTargetPlatform' loaded TargetPlatform 'Android_ETC2Client'
[2021.09.12-19.02.10:180][  0]LogTemp: Display: Module 'AndroidTargetPlatform' loaded TargetPlatform 'Android_PVRTCClient'
[2021.09.12-19.02.10:180][  0]LogTemp: Display: Module 'AndroidTargetPlatform' loaded TargetPlatform 'Android_Multi'
[2021.09.12-19.02.10:180][  0]LogTemp: Display: Module 'AndroidTargetPlatform' loaded TargetPlatform 'Android_MultiClient'
[2021.09.12-19.02.10:253][  0]LogTemp: Display: Module 'HTML5TargetPlatform' loaded TargetPlatform 'HTML5'
[2021.09.12-19.02.10:365][  0]LogTemp: Display: Module 'IOSTargetPlatform' loaded TargetPlatform 'IOSClient'
[2021.09.12-19.02.10:365][  0]LogTemp: Display: Module 'IOSTargetPlatform' loaded TargetPlatform 'IOS'
[2021.09.12-19.02.10:411][  0]LogTemp: Display: Module 'TVOSTargetPlatform' loaded TargetPlatform 'TVOSClient'
[2021.09.12-19.02.10:411][  0]LogTemp: Display: Module 'TVOSTargetPlatform' loaded TargetPlatform 'TVOS'
[2021.09.12-19.02.10:435][  0]LogTemp: Display: Module 'LinuxClientTargetPlatform' loaded TargetPlatform 'LinuxClient'
[2021.09.12-19.02.10:452][  0]LogTemp: Display: Module 'LinuxNoEditorTargetPlatform' loaded TargetPlatform 'LinuxNoEditor'
[2021.09.12-19.02.10:510][  0]LogTemp: Display: Module 'LinuxServerTargetPlatform' loaded TargetPlatform 'LinuxServer'
[2021.09.12-19.02.10:673][  0]LogTemp: Display: Module 'LinuxTargetPlatform' loaded TargetPlatform 'Linux'
[2021.09.12-19.02.10:742][  0]LogTemp: Display: Module 'LuminTargetPlatform' loaded TargetPlatform 'Lumin'
[2021.09.12-19.02.10:742][  0]LogTemp: Display: Module 'LuminTargetPlatform' loaded TargetPlatform 'LuminClient'
[2021.09.12-19.02.10:742][  0]LogTargetPlatformManager: Display: Building Assets For Windows
[2021.09.12-19.02.11:027][  0]LogAudioDebug: Display: Lib vorbis DLL was dynamically loaded.
[2021.09.12-19.02.11:725][  0]LogShaderCompilers: Guid format shader working directory is 11 characters bigger than the processId version (C:/Users/zaid/Documents/MyProject3/Intermediate/Shaders/WorkingDirectory/6676/).
[2021.09.12-19.02.11:725][  0]LogShaderCompilers: Cleaned the shader compiler working directory 'C:/Users/zaid/AppData/Local/Temp/UnrealShaderWorkingDir/6301F08F4E7AA878D3441094EB924808/'.
[2021.09.12-19.02.11:733][  0]LogXGEController: Cleaning working directory: C:/Users/zaid/AppData/Local/Temp/UnrealXGEWorkingDir/
[2021.09.12-19.02.11:734][  0]LogXGEController: Cannot use XGE Controller as Incredibuild is not installed on this machine.
[2021.09.12-19.02.11:734][  0]LogShaderCompilers: Cannot use XGE Shader Compiler as Incredibuild is not installed on this machine.
[2021.09.12-19.02.11:734][  0]LogShaderCompilers: Display: Using Local Shader Compiler.
[2021.09.12-19.02.14:020][  0]LogDerivedDataCache: Display: Max Cache Size: 512 MB
[2021.09.12-19.02.15:032][  0]LogDerivedDataCache: Loaded boot cache 0.99s 71MB C:/Users/zaid/AppData/Local/UnrealEngine/4.22/DerivedDataCache/Boot.ddc.
[2021.09.12-19.02.15:032][  0]LogDerivedDataCache: Display: Loaded Boot cache: C:/Users/zaid/AppData/Local/UnrealEngine/4.22/DerivedDataCache/Boot.ddc
[2021.09.12-19.02.15:032][  0]LogDerivedDataCache: FDerivedDataBackendGraph:  Pak pak cache file C:/Users/zaid/Documents/MyProject3/DerivedDataCache/DDC.ddp not found, will not use a pak cache.
[2021.09.12-19.02.15:032][  0]LogDerivedDataCache: Unable to find inner node Pak for hierarchical cache Hierarchy.
[2021.09.12-19.02.15:032][  0]LogDerivedDataCache: FDerivedDataBackendGraph:  CompressedPak pak cache file C:/Users/zaid/Documents/MyProject3/DerivedDataCache/Compressed.ddp not found, will not use a pak cache.
[2021.09.12-19.02.15:032][  0]LogDerivedDataCache: Unable to find inner node CompressedPak for hierarchical cache Hierarchy.
[2021.09.12-19.02.15:183][  0]LogDerivedDataCache: Display: Pak cache opened for reading ../../../Engine/DerivedDataCache/Compressed.ddp.
[2021.09.12-19.02.15:183][  0]LogDerivedDataCache: FDerivedDataBackendGraph:  EnterprisePak pak cache file ../../../Enterprise/DerivedDataCache/Compressed.ddp not found, will not use a pak cache.
[2021.09.12-19.02.15:183][  0]LogDerivedDataCache: Unable to find inner node EnterprisePak for hierarchical cache Hierarchy.
[2021.09.12-19.02.15:248][  0]LogDerivedDataCache: Using Local data cache path C:/Users/zaid/AppData/Local/UnrealEngine/Common/DerivedDataCache: Writable
[2021.09.12-19.02.15:248][  0]LogDerivedDataCache: Shared data cache path not found in *engine.ini, will not use an Shared cache.
[2021.09.12-19.02.15:248][  0]LogDerivedDataCache: Unable to find inner node Shared for hierarchical cache Hierarchy.
[2021.09.12-19.02.15:314][  0]LogMaterial: Verifying Global Shaders for PCD3D_SM5
[2021.09.12-19.02.15:347][  0]LogSlate: Using FreeType 2.6.0
[2021.09.12-19.02.15:499][  0]LogSlate: SlateFontServices - WITH_FREETYPE: 1, WITH_HARFBUZZ: 1
[2021.09.12-19.02.16:178][  0]LogAssetRegistry: FAssetRegistry took 0.0487 seconds to start up
[2021.09.12-19.02.21:590][  0]LogInit: Selected Device Profile: [Windows]
[2021.09.12-19.02.27:379][  0]LogMeshReduction: Using QuadricMeshReduction for automatic static mesh reduction
[2021.09.12-19.02.27:379][  0]LogMeshReduction: Using SimplygonMeshReduction for automatic skeletal mesh reduction
[2021.09.12-19.02.27:379][  0]LogMeshReduction: Using ProxyLODMeshReduction for automatic mesh merging
[2021.09.12-19.02.27:379][  0]LogMeshReduction: No distributed automatic mesh merging module available
[2021.09.12-19.02.27:379][  0]LogMeshMerging: No distributed automatic mesh merging module available
[2021.09.12-19.02.27:841][  0]LogNetVersion: MyProject3 1.0.0, NetCL: 5660361, EngineNetVer: 10, GameNetVer: 0 (Checksum: 3163554638)
[2021.09.12-19.02.32:945][  0]LogPackageLocalizationCache: Processed 10 localized package path(s) for 1 prioritized culture(s) in 0.580527 seconds
[2021.09.12-19.02.32:953][  0]LogUObjectArray: 42205 objects as part of root set at end of initial load.
[2021.09.12-19.02.32:953][  0]LogUObjectAllocator: 7325032 out of 0 bytes used by permanent object pool.
[2021.09.12-19.02.32:953][  0]LogUObjectArray: CloseDisregardForGC: 0/0 objects in disregard for GC pool
[2021.09.12-19.02.50:517][  0]LogTcpMessaging: Initializing TcpMessaging bridge
[2021.09.12-19.02.50:668][  0]LogUdpMessaging: Initializing bridge on interface 0.0.0.0:0 to multicast group 230.0.0.1:6666.
[2021.09.12-19.02.53:315][  0]SourceControl: Source control is disabled
[2021.09.12-19.02.53:315][  0]SourceControl: Source control is disabled
[2021.09.12-19.02.53:409][  0]SourceControl: Source control is disabled
[2021.09.12-19.02.53:528][  0]SourceControl: Source control is disabled
[2021.09.12-19.02.54:960][  0]LogAndroidPermission: UAndroidPermissionCallbackProxy::GetInstance
[2021.09.12-19.02.55:451][  0]LogOcInput: OculusInput pre-init called
[2021.09.12-19.03.00:038][  0]LogEngine: Initializing Engine...
[2021.09.12-19.03.00:083][  0]LogHMD: Failed to initialize OpenVR with code 110
[2021.09.12-19.03.00:093][  0]LogStats: UGameplayTagsManager::InitializeManager -  0.001 s
[2021.09.12-19.03.00:351][  0]LogInit: Initializing FReadOnlyCVARCache
[2021.09.12-19.03.00:949][  0]LogAIModule: Creating AISystem for world Untitled
[2021.09.12-19.03.01:003][  0]LogInit: XAudio2 using 'Speaker/Headphone (Realtek High Definition Audio)' : 2 channels at 48 kHz using 32 bits per sample (channel mask 0x3)
[2021.09.12-19.03.01:188][  0]LogInit: FAudioDevice initialized.
[2021.09.12-19.03.01:188][  0]LogNetVersion: Set ProjectVersion to 1.0.0.0. Version Checksum will be recalculated on next use.
[2021.09.12-19.03.01:649][  0]LogDerivedDataCache: Saved boot cache 0.46s 71MB C:/Users/zaid/AppData/Local/UnrealEngine/4.22/DerivedDataCache/Boot.ddc.
[2021.09.12-19.03.01:658][  0]LogInit: Texture streaming: Enabled
[2021.09.12-19.03.02:073][  0]LogEngineSessionManager: EngineSessionManager initialized
[2021.09.12-19.03.02:360][  0]LogInit: Transaction tracking system initialized
[2021.09.12-19.03.02:843][  0]BlueprintLog: New page: Editor Load
[2021.09.12-19.03.04:378][  0]LocalizationService: Localization service is disabled
[2021.09.12-19.03.05:957][  0]LogFileCache: Scanning file cache for directory 'C:/Users/zaid/Documents/MyProject3/Content/' took 0.03s
[2021.09.12-19.03.05:957][  0]LogCook: Display: Max memory allowance for cook 16384mb min free memory 0mb
[2021.09.12-19.03.05:957][  0]LogCook: Display: Mobile HDR setting 1
[2021.09.12-19.03.08:684][  0]SourceControl: Source control is disabled
[2021.09.12-19.03.08:685][  0]Cmd: MAP LOAD FILE="../../../Engine/Content/Maps/Templates/Template_Default.umap" TEMPLATE=1 SHOWPROGRESS=1 FEATURELEVEL=3
[2021.09.12-19.03.08:690][  0]LightingResults: New page: Lighting Build
[2021.09.12-19.03.08:748][  0]MapCheck: New page: Map Check
[2021.09.12-19.03.08:748][  0]LightingResults: New page: Lighting Build
[2021.09.12-19.03.08:818][  0]LogUObjectHash: Compacting FUObjectHashTables data took   1.58ms
[2021.09.12-19.03.10:333][  0]LogAIModule: Creating AISystem for world Untitled_1
[2021.09.12-19.03.10:488][  0]LogEditorServer: Finished looking for orphan Actors (0.000 secs)
[2021.09.12-19.03.10:620][  0]LogUObjectHash: Compacting FUObjectHashTables data took   1.90ms
[2021.09.12-19.03.10:621][  0]Cmd: MAP CHECKDEP NOCLEARLOG
[2021.09.12-19.03.10:645][  0]MapCheck: Map check complete: 0 Error(s), 0 Warning(s), took 0.18ms to complete.
[2021.09.12-19.03.10:645][  0]LogFileHelpers: Loading map 'Template_Default' took 1.960
[2021.09.12-19.03.11:714][  0]LogSlate: Updating window title bar state: overlay mode, drag disabled, window buttons hidden, title bar hidden
[2021.09.12-19.03.11:724][  0]LogSlate: Updating window title bar state: overlay mode, drag disabled, window buttons hidden, title bar hidden
[2021.09.12-19.03.11:731][  0]LogSlate: Updating window title bar state: overlay mode, drag disabled, window buttons hidden, title bar hidden
[2021.09.12-19.03.11:739][  0]LogSlate: Updating window title bar state: overlay mode, drag disabled, window buttons hidden, title bar hidden
[2021.09.12-19.03.11:895][  0]LogCollectionManager: Loaded 0 collections in 0.003545 seconds
[2021.09.12-19.03.11:982][  0]LogFileCache: Scanning file cache for directory 'C:/Users/zaid/Documents/MyProject3/Saved/Collections/' took 0.01s
[2021.09.12-19.03.11:982][  0]LogFileCache: Scanning file cache for directory 'C:/Users/zaid/Documents/MyProject3/Content/Developers/zaid/Collections/' took 0.00s
[2021.09.12-19.03.11:982][  0]LogFileCache: Scanning file cache for directory 'C:/Users/zaid/Documents/MyProject3/Content/Collections/' took 0.00s
[2021.09.12-19.03.11:982][  0]LogCollectionManager: Rebuilt the GUID cache for 0 collections in 0.000001 seconds
[2021.09.12-19.03.11:994][  0]LogContentBrowser: Native class hierarchy populated in 0.0117 seconds. Added 2734 classes and 661 folders.
[2021.09.12-19.03.12:402][  0]LogContentBrowser: Native class hierarchy updated for 'WidgetCarousel' in 0.0005 seconds. Added 0 classes and 0 folders.
[2021.09.12-19.03.12:490][  0]LogPakFile: Registered encryption key '00000000000000000000000000000000': 0 pak files mounted, 0 remain pending
[2021.09.12-19.03.12:657][  0]LogPakFile: Registered encryption key '00000000000000000000000000000000': 0 pak files mounted, 0 remain pending
[2021.09.12-19.03.12:664][  0]LogPakFile: Registered encryption key '00000000000000000000000000000000': 0 pak files mounted, 0 remain pending
[2021.09.12-19.03.12:676][  0]LogPakFile: Registered encryption key '00000000000000000000000000000000': 0 pak files mounted, 0 remain pending
[2021.09.12-19.03.12:691][  0]LogPakFile: Registered encryption key '00000000000000000000000000000000': 0 pak files mounted, 0 remain pending
[2021.09.12-19.03.12:694][  0]LogPakFile: Registered encryption key '00000000000000000000000000000000': 0 pak files mounted, 0 remain pending
[2021.09.12-19.03.12:697][  0]LogPakFile: Registered encryption key '00000000000000000000000000000000': 0 pak files mounted, 0 remain pending
[2021.09.12-19.03.12:707][  0]LogPakFile: Registered encryption key '00000000000000000000000000000000': 0 pak files mounted, 0 remain pending
[2021.09.12-19.03.12:712][  0]LogPakFile: Registered encryption key '00000000000000000000000000000000': 0 pak files mounted, 0 remain pending
[2021.09.12-19.03.12:723][  0]LogPakFile: Registered encryption key '00000000000000000000000000000000': 0 pak files mounted, 0 remain pending
[2021.09.12-19.03.12:728][  0]LogPakFile: Registered encryption key '00000000000000000000000000000000': 0 pak files mounted, 0 remain pending
[2021.09.12-19.03.12:737][  0]LogPakFile: Registered encryption key '00000000000000000000000000000000': 0 pak files mounted, 0 remain pending
[2021.09.12-19.03.12:742][  0]LogPakFile: Registered encryption key '00000000000000000000000000000000': 0 pak files mounted, 0 remain pending
[2021.09.12-19.03.12:745][  0]LogPakFile: Registered encryption key '00000000000000000000000000000000': 0 pak files mounted, 0 remain pending
[2021.09.12-19.03.12:757][  0]LogPakFile: Registered encryption key '00000000000000000000000000000000': 0 pak files mounted, 0 remain pending
[2021.09.12-19.03.12:761][  0]LogPakFile: Registered encryption key '00000000000000000000000000000000': 0 pak files mounted, 0 remain pending
[2021.09.12-19.03.12:763][  0]LogPakFile: Registered encryption key '00000000000000000000000000000000': 0 pak files mounted, 0 remain pending
[2021.09.12-19.03.12:777][  0]LogPakFile: Registered encryption key '00000000000000000000000000000000': 0 pak files mounted, 0 remain pending
[2021.09.12-19.03.12:781][  0]LogPakFile: Registered encryption key '00000000000000000000000000000000': 0 pak files mounted, 0 remain pending
[2021.09.12-19.03.12:785][  0]LogPakFile: Registered encryption key '00000000000000000000000000000000': 0 pak files mounted, 0 remain pending
[2021.09.12-19.03.12:787][  0]LogPakFile: Registered encryption key '00000000000000000000000000000000': 0 pak files mounted, 0 remain pending
[2021.09.12-19.03.12:790][  0]LogPakFile: Registered encryption key '00000000000000000000000000000000': 0 pak files mounted, 0 remain pending
[2021.09.12-19.03.12:792][  0]LogPakFile: Registered encryption key '00000000000000000000000000000000': 0 pak files mounted, 0 remain pending
[2021.09.12-19.03.12:798][  0]LogPakFile: Registered encryption key '00000000000000000000000000000000': 0 pak files mounted, 0 remain pending
[2021.09.12-19.03.12:810][  0]LogPakFile: Registered encryption key '00000000000000000000000000000000': 0 pak files mounted, 0 remain pending
[2021.09.12-19.03.12:813][  0]LogPakFile: Registered encryption key '00000000000000000000000000000000': 0 pak files mounted, 0 remain pending
[2021.09.12-19.03.13:512][  0]LogContentBrowser: Native class hierarchy updated for 'AddContentDialog' in 0.0004 seconds. Added 0 classes and 0 folders.
[2021.09.12-19.03.13:620][  0]LogContentBrowser: Native class hierarchy updated for 'SceneOutliner' in 0.0004 seconds. Added 1 classes and 2 folders.
[2021.09.12-19.03.15:882][  0]LogSlate: Only BGRA pngs, bmps or icos are supported in by External Image Picker
[2021.09.12-19.03.16:105][  0]LogSlate: Took 0.030942 seconds to synchronously load lazily loaded font '../../../Engine/Content/Slate/Fonts/Roboto-Regular.ttf' (155K)
[2021.09.12-19.03.16:141][  0]LogSlate: Took 0.033885 seconds to synchronously load lazily loaded font '../../../Engine/Content/Slate/Fonts/Roboto-Bold.ttf' (160K)
[2021.09.12-19.03.16:168][  0]LogSlate: Took 0.012987 seconds to synchronously load lazily loaded font '../../../Engine/Content/Editor/Slate/Fonts/FontAwesome.ttf' (139K)
[2021.09.12-19.03.16:511][  0]LogRenderer: Reallocating scene render targets to support 880x316 Format 10 NumSamples 1 (Frame:1).
[2021.09.12-19.03.16:834][  0]LogSlate: Took 0.050813 seconds to synchronously load lazily loaded font '../../../Engine/Content/Slate/Fonts/Roboto-Light.ttf' (167K)
[2021.09.12-19.03.17:029][  0]LogContentBrowser: Native class hierarchy updated for 'HierarchicalLODOutliner' in 0.0008 seconds. Added 0 classes and 0 folders.
[2021.09.12-19.03.17:030][  0]LogLoad: (Engine Initialization) Total time: 220.89 seconds
[2021.09.12-19.03.17:030][  0]LogLoad: (Engine Initialization) Total Blueprint compile time: 0.00 seconds
[2021.09.12-19.03.17:349][  0]LogContentStreaming: Texture pool size now 1000 MB
[2021.09.12-19.03.17:766][  2]LogAssetRegistry: Asset discovery search completed in 61.6105 seconds
[2021.09.12-19.03.17:769][  2]LogCollectionManager: Rebuilt the object cache for 0 collections in 0.000001 seconds (found 0 objects)
[2021.09.12-19.03.17:769][  2]LogCollectionManager: Fixed up redirectors for 0 collections in 0.000239 seconds (updated 0 objects)
[2021.09.12-19.03.20:063][119]LogSlate: FSceneViewport::OnFocusLost() reason 0
[2021.09.12-19.03.25:783][292]LogSlate: Took 0.000695 seconds to synchronously load lazily loaded font '../../../Engine/Content/Slate/Fonts/Roboto-Light.ttf' (167K)
[2021.09.12-19.03.27:536][292]LogMaterial: Display: Missing cached shader map for material venus_Mat, compiling. 
[2021.09.12-19.03.28:923][292]LogAIModule: Creating AISystem for world NewMap
[2021.09.12-19.03.28:939][292]LogAssetEditorManager: Opening Asset editor for World /Game/NewMap.NewMap
[2021.09.12-19.03.28:995][292]LogUObjectHash: Compacting FUObjectHashTables data took   1.65ms
[2021.09.12-19.03.29:167][292]Cmd: MAP LOAD FILE="C:/Users/zaid/Documents/MyProject3/Content/NewMap.umap" TEMPLATE=0 SHOWPROGRESS=1 FEATURELEVEL=3
[2021.09.12-19.03.29:167][292]LightingResults: New page: Lighting Build
[2021.09.12-19.03.29:168][292]LoadErrors: New page: Loading map: NewMap.umap
[2021.09.12-19.03.29:288][292]MapCheck: New page: Map Check
[2021.09.12-19.03.29:288][292]LightingResults: New page: Lighting Build
[2021.09.12-19.03.29:316][292]LogUObjectHash: Compacting FUObjectHashTables data took   1.67ms
[2021.09.12-19.03.29:428][292]LogEditorServer: Finished looking for orphan Actors (0.000 secs)
[2021.09.12-19.03.29:455][292]LogUObjectHash: Compacting FUObjectHashTables data took   1.57ms
[2021.09.12-19.03.29:605][292]Cmd: MAP CHECKDEP NOCLEARLOG
[2021.09.12-19.03.29:605][292]MapCheck: Map check complete: 0 Error(s), 0 Warning(s), took 0.137ms to complete.
[2021.09.12-19.03.29:605][292]LogFileHelpers: Loading map 'NewMap' took 0.611
[2021.09.12-19.03.36:769][684]LogSlate: FSceneViewport::OnFocusLost() reason 0
[2021.09.12-19.03.36:837][688]LogTemp: Repeating last play command: Selected Viewport
[2021.09.12-19.03.36:840][688]LogBlueprintUserMessages: Early PlayInEditor Detection: Level '/Game/NewMap.NewMap:PersistentLevel' has LevelScriptBlueprint '/Game/NewMap.NewMap:PersistentLevel.NewMap' with GeneratedClass '/Game/NewMap.NewMap_C' with ClassGeneratedBy '/Game/NewMap.NewMap:PersistentLevel.NewMap'
[2021.09.12-19.03.36:984][688]LogPlayLevel: PlayLevel: No blueprints needed recompiling
[2021.09.12-19.03.37:014][688]PIE: New page: PIE session: NewMap (Sep 13, 2021, 6:03:36 AM)
[2021.09.12-19.03.37:107][688]LogPlayLevel: Creating play world package: /Game/UEDPIE_0_NewMap
[2021.09.12-19.03.37:110][688]LogPlayLevel: PIE: StaticDuplicateObject took: (0.002798s)
[2021.09.12-19.03.37:121][688]LogAIModule: Creating AISystem for world NewMap
[2021.09.12-19.03.37:122][688]LogPlayLevel: PIE: World Init took: (0.012236s)
[2021.09.12-19.03.37:122][688]LogPlayLevel: PIE: Created PIE world by copying editor world from /Game/NewMap.NewMap to /Game/UEDPIE_0_NewMap.NewMap (0.015532s)
[2021.09.12-19.03.37:152][688]LogUObjectHash: Compacting FUObjectHashTables data took   1.09ms
[2021.09.12-19.03.37:157][688]LogInit: XAudio2 using 'Speaker/Headphone (Realtek High Definition Audio)' : 2 channels at 48 kHz using 32 bits per sample (channel mask 0x3)
[2021.09.12-19.03.37:268][688]LogInit: FAudioDevice initialized.
[2021.09.12-19.03.37:316][688]LogLoad: Game class is 'MyGameModeBase_BP_C'
[2021.09.12-19.03.37:547][688]LogWorld: Bringing World /Game/UEDPIE_0_NewMap.NewMap up for play (max tick rate 60) at 2021.09.13-00.33.37
[2021.09.12-19.03.37:548][688]LogWorld: Bringing up level for play took: 0.002882
[2021.09.12-19.03.37:690][688]LogContentBrowser: Native class hierarchy updated for 'MovieSceneCapture' in 0.0008 seconds. Added 20 classes and 0 folders.
[2021.09.12-19.03.37:691][688]PIE: Play in editor start time for /Game/UEDPIE_0_NewMap 1.532
[2021.09.12-19.03.37:692][688]LogBlueprintUserMessages: Late PlayInEditor Detection: Level '/Game/NewMap.NewMap:PersistentLevel' has LevelScriptBlueprint '/Game/NewMap.NewMap:PersistentLevel.NewMap' with GeneratedClass '/Game/NewMap.NewMap_C' with ClassGeneratedBy '/Game/NewMap.NewMap:PersistentLevel.NewMap'
[2021.09.12-19.03.54:987][716]LogBlueprintUserMessages: Early EndPlayMap Detection: Level '/Game/NewMap.NewMap:PersistentLevel' has LevelScriptBlueprint '/Game/NewMap.NewMap:PersistentLevel.NewMap' with GeneratedClass '/Game/NewMap.NewMap_C' with ClassGeneratedBy '/Game/NewMap.NewMap:PersistentLevel.NewMap'
[2021.09.12-19.03.54:988][716]LogSlate: Updating window title bar state: overlay mode, drag disabled, window buttons hidden, title bar hidden
[2021.09.12-19.03.55:069][716]LogPlayLevel: Display: Shutting down PIE online subsystems
[2021.09.12-19.03.55:069][716]LogBlueprintUserMessages: Late EndPlayMap Detection: Level '/Game/NewMap.NewMap:PersistentLevel' has LevelScriptBlueprint '/Game/NewMap.NewMap:PersistentLevel.NewMap' with GeneratedClass '/Game/NewMap.NewMap_C' with ClassGeneratedBy '/Game/NewMap.NewMap:PersistentLevel.NewMap'
[2021.09.12-19.03.55:104][716]LogSlate: Updating window title bar state: overlay mode, drag disabled, window buttons hidden, title bar hidden
[2021.09.12-19.03.55:108][716]LogUObjectHash: Compacting FUObjectHashTables data took   1.53ms
[2021.09.12-19.03.55:135][717]LogPlayLevel: Display: Destroying online subsystem :Context_2
[2021.09.12-19.03.57:650][867]LogSlate: FSceneViewport::OnFocusLost() reason 0
[2021.09.12-19.03.57:791][874]LogUObjectHash: Compacting FUObjectHashTables data took   0.63ms
[2021.09.12-19.03.57:806][874]LogSlate: Window 'MyProject3 - Unreal Editor' being destroyed
[2021.09.12-19.03.57:807][874]LogWindowsTextInputMethodSystem: Display: IME system now deactivated.
[2021.09.12-19.03.58:080][875]Cmd: QUIT_EDITOR
[2021.09.12-19.03.58:456][875]LogExit: Preparing to exit.
[2021.09.12-19.03.58:896][875]LogExit: Editor shut down
[2021.09.12-19.03.58:897][875]LogExit: Transaction tracking system shut down
[2021.09.12-19.03.59:484][875]LogExit: Object subsystem successfully closed.
[2021.09.12-19.03.59:605][875]LogShaderCompilers: Display: Shaders left to compile 0
[2021.09.12-19.03.59:609][875]LogD3D11RHI: Shutdown
[2021.09.12-19.03.59:609][875]LogD3D11RHI: CleanupD3DDevice
[2021.09.12-19.03.59:610][875]LogRendererCore: FGlobalReadBuffer::ReleaseRHI
[2021.09.12-19.03.59:610][875]LogRendererCore: FGlobalDynamicReadBuffer::Cleanup()
[2021.09.12-19.03.59:610][875]LogRendererCore: FGlobalReadBuffer::ReleaseRHI
[2021.09.12-19.03.59:610][875]LogRendererCore: FGlobalDynamicReadBuffer::Cleanup()
[2021.09.12-19.03.59:610][875]LogRendererCore: FGlobalReadBuffer::ReleaseRHI
[2021.09.12-19.03.59:610][875]LogRendererCore: FGlobalDynamicReadBuffer::Cleanup()
[2021.09.12-19.03.59:701][875]LogD3D11RHI: ~FD3D11DynamicRHI
[2021.09.12-19.04.00:108][875]LogModuleManager: Shutting down and abandoning module MovieSceneCapture (652)
[2021.09.12-19.04.00:108][875]LogModuleManager: Shutting down and abandoning module Voice (650)
[2021.09.12-19.04.00:108][875]LogModuleManager: Shutting down and abandoning module HierarchicalLODOutliner (648)
[2021.09.12-19.04.00:108][875]LogModuleManager: Shutting down and abandoning module ExternalImagePicker (646)
[2021.09.12-19.04.00:108][875]LogModuleManager: Shutting down and abandoning module SceneOutliner (644)
[2021.09.12-19.04.00:108][875]LogModuleManager: Shutting down and abandoning module AddContentDialog (642)
[2021.09.12-19.04.00:108][875]LogModuleManager: Shutting down and abandoning module WidgetCarousel (641)
[2021.09.12-19.04.00:108][875]LogModuleManager: Shutting down and abandoning module EditorWidgets (638)
[2021.09.12-19.04.00:108][875]LogModuleManager: Shutting down and abandoning module CollectionManager (636)
[2021.09.12-19.04.00:109][875]LogModuleManager: Shutting down and abandoning module HierarchicalLODUtilities (634)
[2021.09.12-19.04.00:109][875]LogModuleManager: Shutting down and abandoning module StatsViewer (632)
[2021.09.12-19.04.00:109][875]LogModuleManager: Shutting down and abandoning module FoliageEdit (630)
[2021.09.12-19.04.00:109][875]LogModuleManager: Shutting down and abandoning module LandscapeEditor (628)
[2021.09.12-19.04.00:109][875]LogModuleManager: Shutting down and abandoning module MeshPaintMode (626)
[2021.09.12-19.04.00:109][875]LogModuleManager: Shutting down and abandoning module SceneDepthPickerMode (624)
[2021.09.12-19.04.00:109][875]LogModuleManager: Shutting down and abandoning module ActorPickerMode (622)
[2021.09.12-19.04.00:109][875]LogModuleManager: Shutting down and abandoning module GeometryMode (620)
[2021.09.12-19.04.00:109][875]LogModuleManager: Shutting down and abandoning module TextureAlignMode (618)
[2021.09.12-19.04.00:109][875]LogModuleManager: Shutting down and abandoning module BspMode (616)
[2021.09.12-19.04.00:109][875]LogModuleManager: Shutting down and abandoning module PIEPreviewDeviceProfileSelector (614)
[2021.09.12-19.04.00:109][875]LogModuleManager: Shutting down and abandoning module SequenceRecorderSections (612)
[2021.09.12-19.04.00:120][875]LogModuleManager: Shutting down and abandoning module AutomationWorker (610)
[2021.09.12-19.04.00:120][875]LogModuleManager: Shutting down and abandoning module OculusMR (608)
[2021.09.12-19.04.00:120][875]LogModuleManager: Shutting down and abandoning module AudioCaptureEditor (606)
[2021.09.12-19.04.00:120][875]LogModuleManager: Shutting down and abandoning module MatineeToLevelSequence (604)
[2021.09.12-19.04.00:132][875]LogModuleManager: Shutting down and abandoning module LevelSequenceEditor (602)
[2021.09.12-19.04.00:137][875]LogModuleManager: Shutting down and abandoning module PlacementMode (601)
[2021.09.12-19.04.00:137][875]LogModuleManager: Shutting down and abandoning module MaterialEditor (600)
[2021.09.12-19.04.00:137][875]LogModuleManager: Shutting down and abandoning module ActorSequenceEditor (596)
[2021.09.12-19.04.00:138][875]LogModuleManager: Shutting down and abandoning module WmfMediaFactory (594)
[2021.09.12-19.04.00:138][875]LogModuleManager: Shutting down and abandoning module WmfMediaEditor (592)
[2021.09.12-19.04.00:138][875]LogModuleManager: Shutting down and abandoning module WebMMediaFactory (590)
[2021.09.12-19.04.00:138][875]LogModuleManager: Shutting down and abandoning module WebMMediaEditor (588)
[2021.09.12-19.04.00:138][875]LogModuleManager: Shutting down and abandoning module WebMMedia (586)
[2021.09.12-19.04.00:146][875]LogModuleManager: Shutting down and abandoning module MediaPlayerEditor (584)
[2021.09.12-19.04.00:157][875]LogModuleManager: Shutting down and abandoning module MediaCompositingEditor (582)
[2021.09.12-19.04.00:157][875]LogModuleManager: Shutting down and abandoning module SequenceRecorder (581)
[2021.09.12-19.04.00:157][875]LogModuleManager: Shutting down and abandoning module OpenExrWrapper (578)
[2021.09.12-19.04.00:157][875]LogModuleManager: Shutting down and abandoning module ImgMediaFactory (576)
[2021.09.12-19.04.00:157][875]LogModuleManager: Shutting down and abandoning module ImgMediaEditor (574)
[2021.09.12-19.04.00:157][875]LogModuleManager: Shutting down and abandoning module AvfMediaFactory (572)
[2021.09.12-19.04.00:157][875]LogModuleManager: Shutting down and abandoning module AvfMediaEditor (570)
[2021.09.12-19.04.00:157][875]LogModuleManager: Shutting down and abandoning module AndroidMediaFactory (568)
[2021.09.12-19.04.00:157][875]LogModuleManager: Shutting down and abandoning module AndroidMediaEditor (566)
[2021.09.12-19.04.00:157][875]LogModuleManager: Shutting down and abandoning module MagicLeapCameraPreviewFactory (564)
[2021.09.12-19.04.00:157][875]LogModuleManager: Shutting down and abandoning module MagicLeapMediaCodecFactory (562)
[2021.09.12-19.04.00:158][875]LogModuleManager: Shutting down and abandoning module MagicLeapMediaFactory (560)
[2021.09.12-19.04.00:158][875]LogModuleManager: Shutting down and abandoning module MagicLeapMediaEditor (558)
[2021.09.12-19.04.00:158][875]LogModuleManager: Shutting down and abandoning module CharacterAI (556)
[2021.09.12-19.04.00:158][875]LogModuleManager: Shutting down and abandoning module SmartSnapping (554)
[2021.09.12-19.04.00:158][875]LogModuleManager: Shutting down and abandoning module SessionServices (552)
[2021.09.12-19.04.00:158][875]LogModuleManager: Shutting down and abandoning module MeshPaint (550)
[2021.09.12-19.04.00:158][875]LogModuleManager: Shutting down and abandoning module ViewportSnapping (548)
[2021.09.12-19.04.00:158][875]LogModuleManager: Shutting down and abandoning module ViewportInteraction (546)
[2021.09.12-19.04.00:158][875]LogModuleManager: Shutting down and abandoning module ClothPainter (544)
[2021.09.12-19.04.00:158][875]LogModuleManager: Shutting down and abandoning module SkeletalMeshEditor (543)
[2021.09.12-19.04.00:184][875]LogModuleManager: Shutting down and abandoning module LogVisualizer (540)
[2021.09.12-19.04.00:184][875]LogModuleManager: Shutting down and abandoning module IntroTutorials (538)
[2021.09.12-19.04.00:194][875]LogModuleManager: Shutting down and abandoning module GameProjectGeneration (537)
[2021.09.12-19.04.00:194][875]LogModuleManager: Shutting down and abandoning module LuminPlatformEditor (534)
[2021.09.12-19.04.00:194][875]LogModuleManager: Shutting down and abandoning module IOSPlatformEditor (532)
[2021.09.12-19.04.00:194][875]LogModuleManager: Shutting down and abandoning module HTML5PlatformEditor (530)
[2021.09.12-19.04.00:195][875]LogModuleManager: Shutting down and abandoning module AndroidPlatformEditor (528)
[2021.09.12-19.04.00:195][875]LogModuleManager: Shutting down and abandoning module AndroidDeviceDetection (527)
[2021.09.12-19.04.00:931][875]LogModuleManager: Shutting down and abandoning module WindowsPlatformEditor (524)
[2021.09.12-19.04.00:931][875]LogModuleManager: Shutting down and abandoning module LuminRuntimeSettings (522)
[2021.09.12-19.04.00:931][875]LogModuleManager: Shutting down and abandoning module IOSRuntimeSettings (520)
[2021.09.12-19.04.00:931][875]LogModuleManager: Shutting down and abandoning module AndroidRuntimeSettings (518)
[2021.09.12-19.04.00:931][875]LogModuleManager: Shutting down and abandoning module TimeManagementEditor (516)
[2021.09.12-19.04.00:931][875]LogModuleManager: Shutting down and abandoning module InputBindingEditor (514)
[2021.09.12-19.04.00:932][875]LogModuleManager: Shutting down and abandoning module MergeActors (512)
[2021.09.12-19.04.00:932][875]LogModuleManager: Shutting down and abandoning module LocalizationDashboard (510)
[2021.09.12-19.04.00:957][875]LogModuleManager: Shutting down and abandoning module LocalizationService (509)
[2021.09.12-19.04.00:962][875]LogModuleManager: Shutting down and abandoning module HardwareTargeting (506)
[2021.09.12-19.04.00:962][875]LogModuleManager: Shutting down and abandoning module DeviceProfileEditor (504)
[2021.09.12-19.04.01:008][875]LogModuleManager: Shutting down and abandoning module UndoHistory (502)
[2021.09.12-19.04.01:008][875]LogModuleManager: Shutting down and abandoning module XmlParser (500)
[2021.09.12-19.04.01:008][875]LogModuleManager: Shutting down and abandoning module Blutility (498)
[2021.09.12-19.04.01:008][875]LogModuleManager: Shutting down and abandoning module ProjectSettingsViewer (496)
[2021.09.12-19.04.01:008][875]LogModuleManager: Shutting down and abandoning module ProjectTargetPlatformEditor (495)
[2021.09.12-19.04.01:008][875]LogModuleManager: Shutting down and abandoning module EditorSettingsViewer (492)
[2021.09.12-19.04.01:008][875]LogModuleManager: Shutting down and abandoning module SettingsEditor (490)
[2021.09.12-19.04.01:008][875]LogModuleManager: Shutting down and abandoning module ProjectLauncher (488)
[2021.09.12-19.04.01:009][875]LogModuleManager: Shutting down and abandoning module SessionFrontend (486)
[2021.09.12-19.04.01:009][875]LogModuleManager: Shutting down and abandoning module ProfilerClient (484)
[2021.09.12-19.04.01:009][875]LogModuleManager: Shutting down and abandoning module DeviceManager (482)
[2021.09.12-19.04.01:009][875]LogModuleManager: Shutting down and abandoning module TargetDeviceServices (481)
[2021.09.12-19.04.01:053][875]LogModuleManager: Shutting down and abandoning module AutomationController (478)
[2021.09.12-19.04.01:138][875]LogModuleManager: Shutting down and abandoning module AutomationWindow (476)
[2021.09.12-19.04.01:201][875]LogModuleManager: Shutting down and abandoning module Layers (474)
[2021.09.12-19.04.01:201][875]LogModuleManager: Shutting down and abandoning module ComponentVisualizers (472)
[2021.09.12-19.04.01:201][875]LogModuleManager: Shutting down and abandoning module DetailCustomizations (470)
[2021.09.12-19.04.01:201][875]LogModuleManager: Shutting down and abandoning module PackagesDialog (468)
[2021.09.12-19.04.01:202][875]LogModuleManager: Shutting down and abandoning module AnimationBlueprintEditor (466)
[2021.09.12-19.04.01:202][875]LogModuleManager: Shutting down and abandoning module Persona (464)
[2021.09.12-19.04.01:202][875]LogModuleManager: Shutting down and abandoning module AdvancedPreviewScene (463)
[2021.09.12-19.04.01:202][875]LogModuleManager: Shutting down and abandoning module AnimGraph (461)
[2021.09.12-19.04.01:202][875]LogModuleManager: Shutting down and abandoning module Kismet (458)
[2021.09.12-19.04.01:203][875]LogModuleManager: Shutting down and abandoning module GraphEditor (456)
[2021.09.12-19.04.01:203][875]LogModuleManager: Shutting down and abandoning module ClassViewer (454)
[2021.09.12-19.04.01:203][875]LogModuleManager: Shutting down and abandoning module Toolbox (452)
[2021.09.12-19.04.01:203][875]LogModuleManager: Shutting down and abandoning module ModuleUI (450)
[2021.09.12-19.04.01:203][875]LogModuleManager: Shutting down and abandoning module MovieSceneTools (448)
[2021.09.12-19.04.01:203][875]LogModuleManager: Shutting down and abandoning module OutputLog (446)
[2021.09.12-19.04.01:204][875]LogModuleManager: Shutting down and abandoning module GammaUI (444)
[2021.09.12-19.04.01:204][875]LogModuleManager: Shutting down and abandoning module Documentation (442)
[2021.09.12-19.04.01:204][875]LogModuleManager: Shutting down and abandoning module LiveCoding (440)
[2021.09.12-19.04.01:204][875]LogModuleManager: Shutting down and abandoning module LevelSequence (438)
[2021.09.12-19.04.01:204][875]LogModuleManager: Shutting down and abandoning module MovieSceneTracks (436)
[2021.09.12-19.04.01:204][875]LogModuleManager: Shutting down and abandoning module MovieScene (434)
[2021.09.12-19.04.01:204][875]LogModuleManager: Shutting down and abandoning module StreamingPauseRendering (432)
[2021.09.12-19.04.01:257][875]LogModuleManager: Shutting down and abandoning module LauncherPlatform (430)
[2021.09.12-19.04.01:257][875]LogModuleManager: Shutting down and abandoning module AnalyticsET (428)
[2021.09.12-19.04.01:257][875]LogModuleManager: Shutting down and abandoning module PortalServices (426)
[2021.09.12-19.04.01:257][875]LogModuleManager: Shutting down and abandoning module PortalRpc (424)
[2021.09.12-19.04.01:257][875]LogModuleManager: Shutting down and abandoning module MessagingRpc (422)
[2021.09.12-19.04.01:257][875]LogModuleManager: Shutting down and abandoning module AIModule (420)
[2021.09.12-19.04.01:257][875]LogModuleManager: Shutting down and abandoning module GameplayDebugger (419)
[2021.09.12-19.04.01:258][875]LogModuleManager: Shutting down and abandoning module AITestSuite (417)
[2021.09.12-19.04.01:258][875]LogModuleManager: Shutting down and abandoning module NavigationSystem (415)
[2021.09.12-19.04.01:258][875]LogModuleManager: Shutting down and abandoning module ImageWriteQueue (412)
[2021.09.12-19.04.01:271][875]LogModuleManager: Shutting down and abandoning module ProfilerService (410)
[2021.09.12-19.04.01:326][875]LogModuleManager: Shutting down and abandoning module TaskGraph (408)
[2021.09.12-19.04.01:326][875]LogModuleManager: Shutting down and abandoning module SteamVRController (406)
[2021.09.12-19.04.01:326][875]LogModuleManager: Shutting down and abandoning module ProceduralMeshComponentEditor (404)
[2021.09.12-19.04.01:412][875]LogModuleManager: Shutting down and abandoning module ProceduralMeshComponent (402)
[2021.09.12-19.04.01:413][875]LogModuleManager: Shutting down and abandoning module OculusEditor (400)
[2021.09.12-19.04.01:420][875]LogModuleManager: Shutting down and abandoning module OculusInput (398)
[2021.09.12-19.04.01:420][875]LogModuleManager: Shutting down and abandoning module MobilePatchingUtils (396)
[2021.09.12-19.04.01:420][875]LogModuleManager: Shutting down and abandoning module EditableMesh (394)
[2021.09.12-19.04.01:421][875]LogModuleManager: Shutting down and abandoning module CustomMeshComponent (392)
[2021.09.12-19.04.01:421][875]LogModuleManager: Shutting down and abandoning module CableComponent (390)
[2021.09.12-19.04.01:422][875]LogModuleManager: Shutting down and abandoning module AudioCapture (388)
[2021.09.12-19.04.01:422][875]LogModuleManager: Shutting down and abandoning module ArchVisCharacter (386)
[2021.09.12-19.04.01:422][875]LogModuleManager: Shutting down and abandoning module AndroidPermission (384)
[2021.09.12-19.04.01:422][875]LogModuleManager: Shutting down and abandoning module NUTUnrealEngine4 (382)
[2021.09.12-19.04.01:422][875]LogModuleManager: Shutting down and abandoning module NetcodeUnitTest (380)
[2021.09.12-19.04.01:430][875]LogModuleManager: Shutting down and abandoning module MediaCompositing (378)
[2021.09.12-19.04.01:430][875]LogModuleManager: Shutting down and abandoning module LinearTimecode (376)
[2021.09.12-19.04.01:430][875]LogModuleManager: Shutting down and abandoning module ImgMedia (374)
[2021.09.12-19.04.01:430][875]LogModuleManager: Shutting down and abandoning module MagicLeapHelperVulkan (372)
[2021.09.12-19.04.01:430][875]LogModuleManager: Shutting down and abandoning module MagicLeapHelperOpenGL (370)
[2021.09.12-19.04.01:445][875]LogModuleManager: Shutting down and abandoning module MagicLeapAudio (368)
[2021.09.12-19.04.01:446][875]LogModuleManager: Shutting down and abandoning module HTML5Networking (366)
[2021.09.12-19.04.01:446][875]LogModuleManager: Shutting down and abandoning module GeometryCacheTracks (364)
[2021.09.12-19.04.01:446][875]LogModuleManager: Shutting down and abandoning module GeometryCacheSequencer (362)
[2021.09.12-19.04.01:446][875]LogModuleManager: Shutting down and abandoning module BackChannel (360)
[2021.09.12-19.04.01:504][875]LogModuleManager: Shutting down and abandoning module AppleVision (358)
[2021.09.12-19.04.01:504][875]LogModuleManager: Shutting down and abandoning module AppleImageUtilsBlueprintSupport (356)
[2021.09.12-19.04.01:504][875]LogModuleManager: Shutting down and abandoning module AppleImageUtils (354)
[2021.09.12-19.04.01:504][875]LogModuleManager: Shutting down and abandoning module AlembicImporter (352)
[2021.09.12-19.04.01:504][875]LogModuleManager: Shutting down and abandoning module AlembicLibrary (351)
[2021.09.12-19.04.01:504][875]LogModuleManager: Shutting down and abandoning module GeometryCache (350)
[2021.09.12-19.04.01:504][875]LogModuleManager: Shutting down and abandoning module GeometryCacheEd (349)
[2021.09.12-19.04.01:504][875]LogModuleManager: Shutting down and abandoning module VariantManagerContent (344)
[2021.09.12-19.04.01:504][875]LogModuleManager: Shutting down and abandoning module DatasmithContentEditor (342)
[2021.09.12-19.04.01:523][875]LogModuleManager: Shutting down and abandoning module SpeedTreeImporter (340)
[2021.09.12-19.04.01:523][875]LogModuleManager: Shutting down and abandoning module PluginBrowser (338)
[2021.09.12-19.04.01:558][875]LogModuleManager: Shutting down and abandoning module MobileLauncherProfileWizard (336)
[2021.09.12-19.04.01:571][875]LogModuleManager: Shutting down and abandoning module MaterialAnalyzer (334)
[2021.09.12-19.04.01:572][875]LogModuleManager: Shutting down and abandoning module CryptoKeysOpenSSL (332)
[2021.09.12-19.04.01:572][875]LogModuleManager: Shutting down and abandoning module CryptoKeys (330)
[2021.09.12-19.04.01:572][875]LogModuleManager: Shutting down and abandoning module VisualStudioSourceCodeAccess (328)
[2021.09.12-19.04.01:580][875]LogModuleManager: Shutting down and abandoning module VisualStudioCodeSourceCodeAccess (326)
[2021.09.12-19.04.01:580][875]LogModuleManager: Shutting down and abandoning module UObjectPlugin (324)
[2021.09.12-19.04.01:580][875]LogModuleManager: Shutting down and abandoning module SubversionSourceControl (322)
[2021.09.12-19.04.01:583][875]LogModuleManager: Shutting down and abandoning module PerforceSourceControl (320)
[2021.09.12-19.04.01:600][875]LogModuleManager: Shutting down and abandoning module GitSourceControl (318)
[2021.09.12-19.04.01:610][875]LogModuleManager: Shutting down and abandoning module SourceControl (317)
[2021.09.12-19.04.01:610][875]LogModuleManager: Shutting down and abandoning module CLionSourceCodeAccess (314)
[2021.09.12-19.04.01:610][875]LogModuleManager: Shutting down and abandoning module AnimationSharingEd (312)
[2021.09.12-19.04.01:610][875]LogModuleManager: Shutting down and abandoning module ActorLayerUtilitiesEditor (310)
[2021.09.12-19.04.01:610][875]LogModuleManager: Shutting down and abandoning module ActorLayerUtilities (308)
[2021.09.12-19.04.01:610][875]LogModuleManager: Shutting down and abandoning module LightPropagationVolumeEditor (306)
[2021.09.12-19.04.01:610][875]LogModuleManager: Shutting down and abandoning module PaperTiledImporter (304)
[2021.09.12-19.04.01:610][875]LogModuleManager: Shutting down and abandoning module PaperSpriteSheetImporter (302)
[2021.09.12-19.04.01:610][875]LogModuleManager: Shutting down and abandoning module Paper2DEditor (300)
[2021.09.12-19.04.01:610][875]LogModuleManager: Shutting down and abandoning module MyProject3 (298)
[2021.09.12-19.04.01:610][875]LogModuleManager: Shutting down and abandoning module SignificanceManager (296)
[2021.09.12-19.04.01:610][875]LogModuleManager: Shutting down and abandoning module RuntimePhysXCooking (294)
[2021.09.12-19.04.01:610][875]LogModuleManager: Shutting down and abandoning module PhysXVehiclesEditor (292)
[2021.09.12-19.04.01:611][875]LogModuleManager: Shutting down and abandoning module PhysXVehicles (290)
[2021.09.12-19.04.01:611][875]LogModuleManager: Shutting down and abandoning module LocationServicesBPLibrary (288)
[2021.09.12-19.04.01:611][875]LogModuleManager: Shutting down and abandoning module ActorSequence (286)
[2021.09.12-19.04.01:611][875]LogModuleManager: Shutting down and abandoning module UdpMessaging (284)
[2021.09.12-19.04.01:711][875]LogModuleManager: Shutting down and abandoning module TcpMessaging (282)
[2021.09.12-19.04.01:850][875]LogModuleManager: Shutting down and abandoning module MagicLeapIdentity (280)
[2021.09.12-19.04.01:851][875]LogModuleManager: Shutting down and abandoning module MagicLeapSecureStorage (278)
[2021.09.12-19.04.01:851][875]LogModuleManager: Shutting down and abandoning module MagicLeapHandTracking (276)
[2021.09.12-19.04.01:858][875]LogModuleManager: Shutting down and abandoning module MagicLeapEyeTracker (274)
[2021.09.12-19.04.01:858][875]LogModuleManager: Shutting down and abandoning module MagicLeapController (272)
[2021.09.12-19.04.01:858][875]LogSlate: Slate User Destroyed.  User Index 0, Is Virtual User: 0
[2021.09.12-19.04.01:858][875]LogModuleManager: Shutting down and abandoning module MagicLeapAR (270)
[2021.09.12-19.04.01:858][875]LogModuleManager: Shutting down and abandoning module AugmentedReality (269)
[2021.09.12-19.04.01:858][875]LogModuleManager: Shutting down and abandoning module GameplayTagsEditor (266)
[2021.09.12-19.04.01:858][875]LogModuleManager: Shutting down and abandoning module FacialAnimationEditor (264)
[2021.09.12-19.04.01:858][875]LogModuleManager: Shutting down and abandoning module FacialAnimation (262)
[2021.09.12-19.04.01:858][875]LogModuleManager: Shutting down and abandoning module DataValidation (260)
[2021.09.12-19.04.01:858][875]LogModuleManager: Shutting down and abandoning module AssetManagerEditor (258)
[2021.09.12-19.04.01:858][875]LogModuleManager: Shutting down and abandoning module LevelEditor (257)
[2021.09.12-19.04.01:859][875]LogModuleManager: Shutting down and abandoning module PixelInspectorModule (256)
[2021.09.12-19.04.01:864][875]LogModuleManager: Shutting down and abandoning module CommonMenuExtensions (254)
[2021.09.12-19.04.01:864][875]LogModuleManager: Shutting down and abandoning module MainFrame (252)
[2021.09.12-19.04.01:864][875]LogModuleManager: Shutting down and abandoning module HotReload (251)
[2021.09.12-19.04.01:865][875]LogModuleManager: Shutting down and abandoning module ContentBrowser (247)
[2021.09.12-19.04.01:865][875]LogModuleManager: Shutting down and abandoning module TreeMap (245)
[2021.09.12-19.04.01:866][875]LogModuleManager: Shutting down and abandoning module AnimationSharing (242)
[2021.09.12-19.04.01:866][875]LogModuleManager: Shutting down and abandoning module LightPropagationVolumeRuntime (240)
[2021.09.12-19.04.01:866][875]LogModuleManager: Shutting down and abandoning module AISupportModule (238)
[2021.09.12-19.04.01:866][875]LogModuleManager: Shutting down and abandoning module Paper2D (236)
[2021.09.12-19.04.01:866][875]LogModuleManager: Shutting down and abandoning module WindowsMoviePlayer (234)
[2021.09.12-19.04.01:866][875]LogModuleManager: Shutting down and abandoning module WebMMoviePlayer (232)
[2021.09.12-19.04.01:871][875]LogModuleManager: Shutting down and abandoning module PacketHandler (230)
[2021.09.12-19.04.01:871][875]LogModuleManager: Shutting down and abandoning module ClothingSystemEditor (228)
[2021.09.12-19.04.01:871][875]LogModuleManager: Shutting down and abandoning module ClothingSystemRuntime (226)
[2021.09.12-19.04.01:890][875]LogModuleManager: Shutting down and abandoning module MediaAssets (224)
[2021.09.12-19.04.01:891][875]LogModuleManager: Shutting down and abandoning module Overlay (222)
[2021.09.12-19.04.01:891][875]LogModuleManager: Shutting down and abandoning module OverlayEditor (221)
[2021.09.12-19.04.01:891][875]LogModuleManager: Shutting down and abandoning module VREditor (218)
[2021.09.12-19.04.01:891][875]LogModuleManager: Shutting down and abandoning module StringTableEditor (216)
[2021.09.12-19.04.01:892][875]LogModuleManager: Shutting down and abandoning module GameplayTasksEditor (214)
[2021.09.12-19.04.01:892][875]LogModuleManager: Shutting down and abandoning module BehaviorTreeEditor (212)
[2021.09.12-19.04.01:893][875]LogModuleManager: Shutting down and abandoning module FunctionalTesting (210)
[2021.09.12-19.04.01:903][875]LogModuleManager: Shutting down and abandoning module CollisionAnalyzer (208)
[2021.09.12-19.04.01:926][875]LogModuleManager: Shutting down and abandoning module WorkspaceMenuStructure (207)
[2021.09.12-19.04.01:926][875]LogModuleManager: Shutting down and abandoning module UMG (204)
[2021.09.12-19.04.01:926][875]LogModuleManager: Shutting down and abandoning module UMGEditor (203)
[2021.09.12-19.04.01:926][875]LogModuleManager: Shutting down and abandoning module Sequencer (202)
[2021.09.12-19.04.01:926][875]LogModuleManager: Shutting down and abandoning module MessageLog (199)
[2021.09.12-19.04.01:926][875]LogModuleManager: Shutting down and abandoning module SlateReflector (194)
[2021.09.12-19.04.01:926][875]LogModuleManager: Shutting down and abandoning module Slate (192)
[2021.09.12-19.04.01:926][875]LogModuleManager: Shutting down and abandoning module EditorStyle (190)
[2021.09.12-19.04.01:928][875]LogModuleManager: Shutting down and abandoning module UnrealEd (188)
[2021.09.12-19.04.01:928][875]LogModuleManager: Shutting down and abandoning module MRMesh (186)
[2021.09.12-19.04.01:928][875]LogModuleManager: Shutting down and abandoning module SourceCodeAccess (184)
[2021.09.12-19.04.01:928][875]LogModuleManager: Shutting down and abandoning module HeadMountedDisplay (182)
[2021.09.12-19.04.01:929][875]LogModuleManager: Shutting down and abandoning module XAudio2 (180)
[2021.09.12-19.04.01:929][875]LogModuleManager: Shutting down and abandoning module Networking (178)
[2021.09.12-19.04.01:929][875]LogModuleManager: Shutting down and abandoning module Core (176)
[2021.09.12-19.04.01:929][875]LogModuleManager: Shutting down and abandoning module KismetCompiler (174)
[2021.09.12-19.04.01:929][875]LogModuleManager: Shutting down and abandoning module MeshUtilities (172)
[2021.09.12-19.04.01:929][875]LogModuleManager: Shutting down and abandoning module MeshMergeUtilities (171)
[2021.09.12-19.04.01:929][875]LogModuleManager: Shutting down and abandoning module MeshReductionInterface (170)
[2021.09.12-19.04.01:929][875]LogModuleManager: Shutting down and abandoning module SkeletalMeshReduction (169)
[2021.09.12-19.04.01:929][875]LogModuleManager: Shutting down and abandoning module ProxyLODMeshReduction (167)
[2021.09.12-19.04.01:999][875]LogModuleManager: Shutting down and abandoning module QuadricMeshReduction (165)
[2021.09.12-19.04.02:063][875]LogModuleManager: Shutting down and abandoning module MaterialBaking (161)
[2021.09.12-19.04.02:063][875]LogModuleManager: Shutting down and abandoning module DerivedDataCache (156)
[2021.09.12-19.04.02:418][875]LogDerivedDataCache: Shutdown
[2021.09.12-19.04.02:418][875]LogModuleManager: Shutting down and abandoning module XGEController (154)
[2021.09.12-19.04.02:418][875]LogXGEController: Cleaning working directory: C:/Users/zaid/AppData/Local/Temp/UnrealXGEWorkingDir/
[2021.09.12-19.04.02:418][875]LogModuleManager: Shutting down and abandoning module TargetPlatform (152)
[2021.09.12-19.04.02:418][875]LogModuleManager: Shutting down and abandoning module VulkanShaderFormat (151)
[2021.09.12-19.04.02:441][875]LogModuleManager: Shutting down and abandoning module ShaderFormatVectorVM (149)
[2021.09.12-19.04.02:492][875]LogModuleManager: Shutting down and abandoning module ShaderFormatOpenGL (147)
[2021.09.12-19.04.02:503][875]LogModuleManager: Shutting down and abandoning module ShaderFormatD3D (145)
[2021.09.12-19.04.02:503][875]LogModuleManager: Shutting down and abandoning module MetalShaderFormat (143)
[2021.09.12-19.04.02:503][875]LogModuleManager: Shutting down and abandoning module TextureFormatUncompressed (141)
[2021.09.12-19.04.02:503][875]LogModuleManager: Shutting down and abandoning module TextureFormatPVR (139)
[2021.09.12-19.04.02:503][875]LogModuleManager: Shutting down and abandoning module TextureFormatDXT (137)
[2021.09.12-19.04.02:503][875]LogModuleManager: Shutting down and abandoning module TextureFormatIntelISPCTexComp (135)
[2021.09.12-19.04.02:535][875]LogModuleManager: Shutting down and abandoning module TextureFormatASTC (133)
[2021.09.12-19.04.02:536][875]LogModuleManager: Shutting down and abandoning module ImageWrapper (132)
[2021.09.12-19.04.02:536][875]LogModuleManager: Shutting down and abandoning module TextureFormatAndroid (129)
[2021.09.12-19.04.02:536][875]LogModuleManager: Shutting down and abandoning module AudioFormatOpus (127)
[2021.09.12-19.04.02:536][875]LogModuleManager: Shutting down and abandoning module AudioFormatOgg (125)
[2021.09.12-19.04.02:536][875]LogModuleManager: Shutting down and abandoning module AudioFormatADPCM (123)
[2021.09.12-19.04.02:537][875]LogModuleManager: Shutting down and abandoning module LuminTargetPlatform (121)
[2021.09.12-19.04.02:566][875]LogModuleManager: Shutting down and abandoning module LinuxTargetPlatform (119)
[2021.09.12-19.04.02:566][875]LogModuleManager: Shutting down and abandoning module LinuxServerTargetPlatform (117)
[2021.09.12-19.04.02:762][875]LogModuleManager: Shutting down and abandoning module LinuxNoEditorTargetPlatform (115)
[2021.09.12-19.04.02:885][875]LogModuleManager: Shutting down and abandoning module LinuxClientTargetPlatform (113)
[2021.09.12-19.04.02:895][875]LogModuleManager: Shutting down and abandoning module TVOSTargetPlatform (111)
[2021.09.12-19.04.02:896][875]LogModuleManager: Shutting down and abandoning module Messaging (109)
[2021.09.12-19.04.02:897][875]LogModuleManager: Shutting down and abandoning module IOSTargetPlatform (107)
[2021.09.12-19.04.02:897][875]LogModuleManager: Shutting down and abandoning module HTML5TargetPlatform (105)
[2021.09.12-19.04.02:898][875]LogModuleManager: Shutting down and abandoning module AndroidTargetPlatform (103)
[2021.09.12-19.04.02:904][875]LogModuleManager: Shutting down and abandoning module WindowsTargetPlatform (101)
[2021.09.12-19.04.02:905][875]LogModuleManager: Shutting down and abandoning module WindowsServerTargetPlatform (99)
[2021.09.12-19.04.02:905][875]LogModuleManager: Shutting down and abandoning module WindowsNoEditorTargetPlatform (97)
[2021.09.12-19.04.02:905][875]LogModuleManager: Shutting down and abandoning module WindowsClientTargetPlatform (95)
[2021.09.12-19.04.02:905][875]LogModuleManager: Shutting down and abandoning module MacTargetPlatform (93)
[2021.09.12-19.04.02:905][875]LogModuleManager: Shutting down and abandoning module MacServerTargetPlatform (91)
[2021.09.12-19.04.02:905][875]LogModuleManager: Shutting down and abandoning module MacNoEditorTargetPlatform (89)
[2021.09.12-19.04.02:905][875]LogModuleManager: Shutting down and abandoning module MacClientTargetPlatform (87)
[2021.09.12-19.04.02:905][875]LogModuleManager: Shutting down and abandoning module AllDesktopTargetPlatform (85)
[2021.09.12-19.04.02:905][875]LogModuleManager: Shutting down and abandoning module InputCore (82)
[2021.09.12-19.04.02:905][875]LogModuleManager: Shutting down and abandoning module Settings (80)
[2021.09.12-19.04.02:905][875]LogModuleManager: Shutting down and abandoning module DirectoryWatcher (78)
[2021.09.12-19.04.02:905][875]LogModuleManager: Shutting down and abandoning module PhysXCooking (76)
[2021.09.12-19.04.02:905][875]LogModuleManager: Shutting down and abandoning module SteamVR (74)
[2021.09.12-19.04.02:946][875]LogHMD: Freeing OpenVRDLLHandle.
[2021.09.12-19.04.02:946][875]LogModuleManager: Shutting down and abandoning module OculusHMD (72)
[2021.09.12-19.04.02:947][875]LogModuleManager: Shutting down and abandoning module ExampleDeviceProfileSelector (70)
[2021.09.12-19.04.02:947][875]LogModuleManager: Shutting down and abandoning module LauncherChunkInstaller (68)
[2021.09.12-19.04.02:947][875]LogModuleManager: Shutting down and abandoning module OnlineBlueprintSupport (66)
[2021.09.12-19.04.02:947][875]LogModuleManager: Shutting down and abandoning module OnlineSubsystem (62)
[2021.09.12-19.04.02:949][875]LogModuleManager: Shutting down and abandoning module XMPP (57)
[2021.09.12-19.04.02:949][875]LogModuleManager: Shutting down and abandoning module WebSockets (56)
[2021.09.12-19.04.02:978][875]LogModuleManager: Shutting down and abandoning module HTTP (53)
[2021.09.12-19.04.02:978][875]LogHttp: Display: Http module shutting down, but needs to wait on 1 outstanding Http requests:
[2021.09.12-19.04.02:978][875]LogHttp: Display: 	verb=[POST] url=[https://datarouter.ol.epicgames.com/datarouter/api/v1/public/data?SessionID=%7B9870B0EF-4D27-BCA4-5FEE-6D92B47CC4A8%7D&AppID=UEEditor.Rocket.Release&AppVersion=4.22.3-7053642%2B%2B%2BUE4%2BRelease-4.22&UserID=65c747864305ea06eaa4dfa1eef9868c%7C56ba38fad1214ce493fbc30c7c07061b%7Cf135e039-a802-4e92-a12c-2f914ba9d920&AppEnvironment=datacollector-binary&UploadType=eteventstream] status=Processing
[2021.09.12-19.04.03:010][875]LogModuleManager: Shutting down and abandoning module SSL (52)
[2021.09.12-19.04.03:012][875]LogModuleManager: Shutting down and abandoning module WmfMedia (48)
[2021.09.12-19.04.03:027][875]LogModuleManager: Shutting down and abandoning module Media (47)
[2021.09.12-19.04.03:034][875]LogModuleManager: Shutting down and abandoning module MagicLeap (44)
[2021.09.12-19.04.03:069][875]LogModuleManager: Shutting down and abandoning module DatasmithContent (42)
[2021.09.12-19.04.03:070][875]LogModuleManager: Shutting down and abandoning module DesktopPlatform (40)
[2021.09.12-19.04.03:070][875]LogModuleManager: Shutting down and abandoning module AnimationModifiers (38)
[2021.09.12-19.04.03:070][875]LogModuleManager: Shutting down and abandoning module PropertyEditor (37)
[2021.09.12-19.04.03:070][875]LogModuleManager: Shutting down and abandoning module AudioEditor (34)
[2021.09.12-19.04.03:070][875]LogModuleManager: Shutting down and abandoning module TextureCompressor (32)
[2021.09.12-19.04.03:070][875]LogModuleManager: Shutting down and abandoning module RenderCore (30)
[2021.09.12-19.04.03:070][875]LogModuleManager: Shutting down and abandoning module Landscape (28)
[2021.09.12-19.04.03:070][875]LogModuleManager: Shutting down and abandoning module SlateRHIRenderer (26)
[2021.09.12-19.04.03:071][875]LogModuleManager: Shutting down and abandoning module OpenGLDrv (24)
[2021.09.12-19.04.03:071][875]LogModuleManager: Shutting down and abandoning module D3D11RHI (22)
[2021.09.12-19.04.03:071][875]LogModuleManager: Shutting down and abandoning module AnimGraphRuntime (20)
[2021.09.12-19.04.03:071][875]LogModuleManager: Shutting down and abandoning module Renderer (18)
[2021.09.12-19.04.03:071][875]LogModuleManager: Shutting down and abandoning module Engine (16)
[2021.09.12-19.04.03:071][875]LogModuleManager: Shutting down and abandoning module CoreUObject (14)
[2021.09.12-19.04.03:071][875]LogModuleManager: Shutting down and abandoning module NetworkFile (12)
[2021.09.12-19.04.03:071][875]LogModuleManager: Shutting down and abandoning module CookedIterativeFile (10)
[2021.09.12-19.04.03:071][875]LogModuleManager: Shutting down and abandoning module StreamingFile (8)
[2021.09.12-19.04.03:071][875]LogModuleManager: Shutting down and abandoning module SandboxFile (6)
[2021.09.12-19.04.03:071][875]LogModuleManager: Shutting down and abandoning module PakFile (4)
[2021.09.12-19.04.03:071][875]LogModuleManager: Shutting down and abandoning module RSA (3)
[2021.09.12-19.04.03:086][875]LogExit: Exiting.
[2021.09.12-19.04.03:101][875]Log file closed, 09/13/21 00:34:03
